Vivado Simulator 2019.2
Copyright 1986-1999, 2001-2019 Xilinx, Inc. All Rights Reserved.
Running: C:/Xilinx/Vivado/2019.2/bin/unwrapped/win64.o/xelab.exe -wto daf27385df394bda8e6c71df140e9a0d --incr --debug typical --relax --mt 2 -L xil_defaultlib -L secureip --snapshot test_sys_behav xil_defaultlib.test_sys -log elaborate.log 
Using 2 slave threads.
Starting static elaboration
Completed static elaboration
Starting simulation data flow analysis
Completed simulation data flow analysis
Time Resolution for simulation is 1ps
Compiling package std.standard
Compiling package std.textio
Compiling package ieee.std_logic_1164
Compiling package ieee.std_logic_arith
Compiling package ieee.std_logic_unsigned
Compiling architecture behavioral of entity xil_defaultlib.frequency_divider [frequency_divider_default]
Compiling architecture behavioral of entity xil_defaultlib.count_1min15sec [count_1min15sec_default]
Compiling architecture behavioral of entity xil_defaultlib.count_1min [count_1min_default]
Compiling architecture behavioral of entity xil_defaultlib.count_30sec [count_30sec_default]
Compiling architecture behavioral of entity xil_defaultlib.count_25sec [count_25sec_default]
Compiling architecture behavioral of entity xil_defaultlib.count_15sec [count_15sec_default]
Compiling architecture behavioral of entity xil_defaultlib.count_8sec [count_8sec_default]
Compiling architecture behavioral of entity xil_defaultlib.count_5sec [count_5sec_default]
Compiling architecture behavioral of entity xil_defaultlib.count_4sec [count_4sec_default]
Compiling architecture behavioral of entity xil_defaultlib.count_2sec [count_2sec_default]
Compiling architecture behavioral of entity xil_defaultlib.display [display_default]
Compiling architecture behavioral of entity xil_defaultlib.datapath [datapath_default]
Compiling architecture behavioral of entity xil_defaultlib.main_controller_unit [main_controller_unit_default]
Compiling architecture behavioral of entity xil_defaultlib.Traffic_control_system [traffic_control_system_default]
Compiling architecture behavioral of entity xil_defaultlib.test_sys
Built simulation snapshot test_sys_behav
