#
# A fatal error has been detected by the Java Runtime Environment:
#
#  EXCEPTION_ACCESS_VIOLATION (0xc0000005) at pc=0x00007ffacdbfdb50, pid=45580, tid=9212
#
# JRE version: Java(TM) SE Runtime Environment (9.0+11) (build 9.0.4+11)
# Java VM: Java HotSpot(TM) 64-Bit Server VM (9.0.4+11, mixed mode, tiered, compressed oops, g1 gc, windows-amd64)
# Problematic frame:
# C  0x00007ffacdbfdb50
#
# No core dump will be written. Minidumps are not enabled by default on client versions of Windows
#
# If you would like to submit a bug report, please visit:
#   http://bugreport.java.com/bugreport/crash.jsp
# The crash happened outside the Java Virtual Machine in native code.
# See problematic frame for where to report the bug.
#

---------------  S U M M A R Y ------------

Command Line: -Dsun.java2d.pmoffscreen=false -Dsun.java2d.xrender=false -Dsun.java2d.d3d=false -Dsun.awt.nopixfmt=true -Dsun.java2d.dpiaware=true -Dsun.java2d.uiScale.enabled=false -Xverify:none -Dswing.aatext=true -XX:-UsePerfData -Djdk.map.althashing.threshold=512 -XX:StringTableSize=4072 --add-opens=java.base/java.nio=ALL-UNNAMED --add-opens=java.desktop/sun.swing=ALL-UNNAMED --add-opens=java.desktop/javax.swing=ALL-UNNAMED --add-opens=java.desktop/javax.swing.tree=ALL-UNNAMED --add-opens=java.desktop/javax.swing.plaf.basic=ALL-UNNAMED --add-opens=java.desktop/javax.swing.plaf.synth=ALL-UNNAMED --add-opens=java.desktop/com.sun.awt=ALL-UNNAMED -XX:NewSize=60m -XX:MaxNewSize=60m -Xms128m -Xmx3072m -Xss5m 

Host: AMD Ryzen 7 5800H with Radeon Graphics         , 16 cores, 13G,  Windows 10 , 64 bit Build 22621 (10.0.22621.3374)
Time: Wed Apr 24 21:00:23 2024 Venezuela Standard Time elapsed time: 23137 seconds (0d 6h 25m 37s)

---------------  T H R E A D  ---------------

Current thread (0x000002beaac58800):  JavaThread "AWT-EventQueue-1" [_thread_in_native, id=9212, stack(0x000000d042300000,0x000000d042800000)]

Stack: [0x000000d042300000,0x000000d042800000],  sp=0x000000d0427f3bd8,  free space=5070k
Native frames: (J=compiled Java code, j=interpreted, Vv=VM code, C=native code)
C  0x00007ffacdbfdb50

Java frames: (J=compiled Java code, j=interpreted, Vv=VM code)
J 29812  ui.views.waveform.waveformi.WVExecutive_getGraphicsDataSize(J)J (0 bytes) @ 0x000002bebae8fa21 [0x000002bebae8f9e0+0x0000000000000041]
J 29811 c1 ui.views.waveform.executive.a.gZe()Ljava/io/ByteArrayInputStream; (93 bytes) @ 0x000002beb4e5f9ac [0x000002beb4e5f8c0+0x00000000000000ec]
J 29810 c1 ui.views.waveform.b.a.gYQ()V (142 bytes) @ 0x000002beb4ea69b4 [0x000002beb4ea68a0+0x0000000000000114]
J 29841 c1 ui.views.waveform.w.cZO()V (38 bytes) @ 0x000002beb4ea31ec [0x000002beb4ea2a80+0x000000000000076c]
J 29675 c1 ui.views.waveform.c.b.j(Lui/frmwork/b/i;)V (603 bytes) @ 0x000002beb4df3fbc [0x000002beb4dea8a0+0x000000000000971c]
J 29674 c1 ui.views.waveform.w.a(Lui/frmwork/b/i;)V (17 bytes) @ 0x000002beb4cea614 [0x000002beb4cea540+0x00000000000000d4]
J 23339 c1 ui.frmwork.b.l.d(Lui/frmwork/b/i;)V (61 bytes) @ 0x000002beb482eb9c [0x000002beb482e340+0x000000000000085c]
J 30285 c2 ui.frmwork.G.i(JZ)V (471 bytes) @ 0x000002bebaf63be4 [0x000002bebaf62520+0x00000000000016c4]
J 23332 c1 ui.frmwork.G.fireTclEvent(J)I (113 bytes) @ 0x000002beb48244cc [0x000002beb4823cc0+0x000000000000080c]
v  ~StubRoutines::call_stub
J 30124  ui.views.waveform.waveformi.WVExecutive_processModelEvent(JJ)V (0 bytes) @ 0x000002bebaf25ca4 [0x000002bebaf25c60+0x0000000000000044]
J 31017 c1 ui.views.waveform.c.b.eQ(J)V (109 bytes) @ 0x000002beb5608964 [0x000002beb5608820+0x0000000000000144]
J 29675 c1 ui.views.waveform.c.b.j(Lui/frmwork/b/i;)V (603 bytes) @ 0x000002beb4df4cf4 [0x000002beb4dea8a0+0x000000000000a454]
J 29674 c1 ui.views.waveform.w.a(Lui/frmwork/b/i;)V (17 bytes) @ 0x000002beb4cea614 [0x000002beb4cea540+0x00000000000000d4]
J 23339 c1 ui.frmwork.b.l.d(Lui/frmwork/b/i;)V (61 bytes) @ 0x000002beb482eb9c [0x000002beb482e340+0x000000000000085c]
J 30285 c2 ui.frmwork.G.i(JZ)V (471 bytes) @ 0x000002bebaf63be4 [0x000002bebaf62520+0x00000000000016c4]
J 23332 c1 ui.frmwork.G.fireTclEvent(J)I (113 bytes) @ 0x000002beb48244cc [0x000002beb4823cc0+0x000000000000080c]
v  ~StubRoutines::call_stub
J 30124  ui.views.waveform.waveformi.WVExecutive_processModelEvent(JJ)V (0 bytes) @ 0x000002bebaf25ca4 [0x000002bebaf25c60+0x0000000000000044]
J 31017 c1 ui.views.waveform.c.b.eQ(J)V (109 bytes) @ 0x000002beb5608964 [0x000002beb5608820+0x0000000000000144]
j  ui.views.waveform.c.e.actionPerformed(Ljava/awt/event/ActionEvent;)V+8
J 14897 c2 javax.swing.Timer.fireActionPerformed(Ljava/awt/event/ActionEvent;)V java.desktop@9.0.4 (46 bytes) @ 0x000002beb9c81d58 [0x000002beb9c81c40+0x0000000000000118]
J 24663 c2 javax.swing.Timer$DoPostEvent.run()V java.desktop@9.0.4 (82 bytes) @ 0x000002bebabef76c [0x000002bebabef460+0x000000000000030c]
J 14277 c2 java.awt.EventQueue$3.run()Ljava/lang/Object; java.desktop@9.0.4 (5 bytes) @ 0x000002beb9782b84 [0x000002beb9782a80+0x0000000000000104]
v  ~StubRoutines::call_stub
J 4286  java.security.AccessController.doPrivileged(Ljava/security/PrivilegedAction;Ljava/security/AccessControlContext;)Ljava/lang/Object; java.base@9.0.4 (0 bytes) @ 0x000002beb96e45c6 [0x000002beb96e4560+0x0000000000000066]
J 30367 c2 java.awt.EventQueue.dispatchEvent(Ljava/awt/AWTEvent;)V java.desktop@9.0.4 (80 bytes) @ 0x000002bebaf79f98 [0x000002bebaf79a40+0x0000000000000558]
J 30391 c2 ui.frmwork.b.d.dispatchEvent(Ljava/awt/AWTEvent;)V (34 bytes) @ 0x000002bebaf8afa8 [0x000002bebaf8aea0+0x0000000000000108]
J 14748 c2 java.awt.EventDispatchThread.pumpOneEventForFilters(I)V java.desktop@9.0.4 (218 bytes) @ 0x000002beb9bca938 [0x000002beb9bc9dc0+0x0000000000000b78]
J 27948 c2 java.awt.EventDispatchThread.pumpEventsForFilter(ILjava/awt/Conditional;Ljava/awt/EventFilter;)V java.desktop@9.0.4 (47 bytes) @ 0x000002beba44267c [0x000002beba442540+0x000000000000013c]
j  java.awt.EventDispatchThread.pumpEventsForFilter(Ljava/awt/Conditional;Ljava/awt/EventFilter;)V+4 java.desktop@9.0.4
j  java.awt.WaitDispatchSupport$2.run()V+59 java.desktop@9.0.4
j  java.awt.WaitDispatchSupport$4.run()Ljava/lang/Void;+4 java.desktop@9.0.4
j  java.awt.WaitDispatchSupport$4.run()Ljava/lang/Object;+1 java.desktop@9.0.4
v  ~StubRoutines::call_stub
J 1166  java.security.AccessController.doPrivileged(Ljava/security/PrivilegedAction;)Ljava/lang/Object; java.base@9.0.4 (0 bytes) @ 0x000002beb947bdb2 [0x000002beb947bd60+0x0000000000000052]
j  java.awt.WaitDispatchSupport.enter()Z+260 java.desktop@9.0.4
j  java.awt.Dialog.show()V+225 java.desktop@9.0.4
J 7737 c1 java.awt.Component.setVisible(Z)V java.desktop@9.0.4 (6 bytes) @ 0x000002beb30ce24c [0x000002beb30ce060+0x00000000000001ec]
j  java.awt.Window.setVisible(Z)V+2 java.desktop@9.0.4
j  java.awt.Dialog.setVisible(Z)V+2 java.desktop@9.0.4
j  ui.b.c.g.setVisible(Z)V+2
j  ui.b.c.bB.showDialog()V+64
j  ui.b.c.bI.actionPerformed(Ljava/awt/event/ActionEvent;)V+8
j  ui.b.c.bB.cSz()V+396
j  ui.views.c.t.b.a.run()V+60
j  ui.frmwork.a.epE()Z+66
j  ui.frmwork.Y.erq()V+42
j  ui.bm.actionPerformed(Ljava/awt/event/ActionEvent;)V+25
j  javax.swing.AbstractButton.fireActionPerformed(Ljava/awt/event/ActionEvent;)V+84 java.desktop@9.0.4
j  ui.utils.p.b.E.fireActionPerformed(Ljava/awt/event/ActionEvent;)V+7
j  javax.swing.AbstractButton$Handler.actionPerformed(Ljava/awt/event/ActionEvent;)V+5 java.desktop@9.0.4
j  javax.swing.DefaultButtonModel.fireActionPerformed(Ljava/awt/event/ActionEvent;)V+34 java.desktop@9.0.4
J 27856 c1 javax.swing.DefaultButtonModel.setPressed(Z)V java.desktop@9.0.4 (125 bytes) @ 0x000002beb51d5044 [0x000002beb51d4180+0x0000000000000ec4]
j  javax.swing.plaf.basic.BasicButtonListener.mouseReleased(Ljava/awt/event/MouseEvent;)V+35 java.desktop@9.0.4
j  com.jidesoft.plaf.basic.BasicJideButtonListener.mouseReleased(Ljava/awt/event/MouseEvent;)V+61
J 16826 c1 java.awt.AWTEventMulticaster.mouseReleased(Ljava/awt/event/MouseEvent;)V java.desktop@9.0.4 (27 bytes) @ 0x000002beb2b7fd0c [0x000002beb2b7fb00+0x000000000000020c]
J 16826 c1 java.awt.AWTEventMulticaster.mouseReleased(Ljava/awt/event/MouseEvent;)V java.desktop@9.0.4 (27 bytes) @ 0x000002beb2b7fd0c [0x000002beb2b7fb00+0x000000000000020c]
J 16826 c1 java.awt.AWTEventMulticaster.mouseReleased(Ljava/awt/event/MouseEvent;)V java.desktop@9.0.4 (27 bytes) @ 0x000002beb2b7fd0c [0x000002beb2b7fb00+0x000000000000020c]
J 21249 c2 javax.swing.JComponent.processMouseEvent(Ljava/awt/event/MouseEvent;)V java.desktop@9.0.4 (27 bytes) @ 0x000002beb960090c [0x000002beb9600720+0x00000000000001ec]
J 30426 c2 java.awt.Component.processEvent(Ljava/awt/AWTEvent;)V java.desktop@9.0.4 (220 bytes) @ 0x000002bebafb9718 [0x000002bebafb95e0+0x0000000000000138]
J 29744 c2 java.awt.Container.processEvent(Ljava/awt/AWTEvent;)V java.desktop@9.0.4 (22 bytes) @ 0x000002bebac49f5c [0x000002bebac49ec0+0x000000000000009c]
J 30412 c2 java.awt.Component.dispatchEventImpl(Ljava/awt/AWTEvent;)V java.desktop@9.0.4 (739 bytes) @ 0x000002bebafa8958 [0x000002bebafa7cc0+0x0000000000000c98]
J 27476 c2 java.awt.Container.dispatchEventImpl(Ljava/awt/AWTEvent;)V java.desktop@9.0.4 (129 bytes) @ 0x000002beb98ac6a4 [0x000002beb98ac540+0x0000000000000164]
J 13783 c2 java.awt.LightweightDispatcher.retargetMouseEvent(Ljava/awt/Component;ILjava/awt/event/MouseEvent;)V java.desktop@9.0.4 (350 bytes) @ 0x000002beb9fe61f8 [0x000002beb9fe5c60+0x0000000000000598]
J 18900 c2 java.awt.LightweightDispatcher.processMouseEvent(Ljava/awt/event/MouseEvent;)Z java.desktop@9.0.4 (265 bytes) @ 0x000002beba586690 [0x000002beba585f20+0x0000000000000770]
J 27476 c2 java.awt.Container.dispatchEventImpl(Ljava/awt/AWTEvent;)V java.desktop@9.0.4 (129 bytes) @ 0x000002beb98ac5e8 [0x000002beb98ac540+0x00000000000000a8]
J 18886 c2 java.awt.Window.dispatchEventImpl(Ljava/awt/AWTEvent;)V java.desktop@9.0.4 (23 bytes) @ 0x000002beba57d10c [0x000002beba57d0c0+0x000000000000004c]
J 14277 c2 java.awt.EventQueue$3.run()Ljava/lang/Object; java.desktop@9.0.4 (5 bytes) @ 0x000002beb9782c3c [0x000002beb9782a80+0x00000000000001bc]
v  ~StubRoutines::call_stub
J 4286  java.security.AccessController.doPrivileged(Ljava/security/PrivilegedAction;Ljava/security/AccessControlContext;)Ljava/lang/Object; java.base@9.0.4 (0 bytes) @ 0x000002beb96e45c6 [0x000002beb96e4560+0x0000000000000066]
J 15398 c2 java.awt.EventQueue$4.run()Ljava/lang/Object; java.desktop@9.0.4 (5 bytes) @ 0x000002beba0d6340 [0x000002beba0d60e0+0x0000000000000260]
v  ~StubRoutines::call_stub
J 4286  java.security.AccessController.doPrivileged(Ljava/security/PrivilegedAction;Ljava/security/AccessControlContext;)Ljava/lang/Object; java.base@9.0.4 (0 bytes) @ 0x000002beb96e45c6 [0x000002beb96e4560+0x0000000000000066]
J 30367 c2 java.awt.EventQueue.dispatchEvent(Ljava/awt/AWTEvent;)V java.desktop@9.0.4 (80 bytes) @ 0x000002bebaf79dc0 [0x000002bebaf79a40+0x0000000000000380]
J 30391 c2 ui.frmwork.b.d.dispatchEvent(Ljava/awt/AWTEvent;)V (34 bytes) @ 0x000002bebaf8afa8 [0x000002bebaf8aea0+0x0000000000000108]
J 14748 c2 java.awt.EventDispatchThread.pumpOneEventForFilters(I)V java.desktop@9.0.4 (218 bytes) @ 0x000002beb9bca938 [0x000002beb9bc9dc0+0x0000000000000b78]
J 16880% c2 java.awt.EventDispatchThread.pumpEventsForFilter(ILjava/awt/Conditional;Ljava/awt/EventFilter;)V java.desktop@9.0.4 (47 bytes) @ 0x000002beba029040 [0x000002beba028f40+0x0000000000000100]
j  java.awt.EventDispatchThread.pumpEventsForHierarchy(ILjava/awt/Conditional;Ljava/awt/Component;)V+11 java.desktop@9.0.4
j  java.awt.EventDispatchThread.pumpEvents(ILjava/awt/Conditional;)V+4 java.desktop@9.0.4
j  java.awt.EventDispatchThread.pumpEvents(Ljava/awt/Conditional;)V+3 java.desktop@9.0.4
j  java.awt.EventDispatchThread.run()V+9 java.desktop@9.0.4
v  ~StubRoutines::call_stub

siginfo: EXCEPTION_ACCESS_VIOLATION (0xc0000005), data execution prevention violation at address 0x00007ffacdbfdb50


Register to memory mapping:

RIP=0x00007ffacdbfdb50 is an unknown value
RAX=0x00007ffacdba1610 is an unknown value
RBX=0x000000d0427f3d40 is pointing into the stack for thread: 0x000002beaac58800
RCX=0x000002be97c7b670 is an unknown value
RDX=0x000002bedf8ce5a0 is an unknown value
RSP=0x000000d0427f3bd8 is pointing into the stack for thread: 0x000002beaac58800
RBP=0x000000d0427f3d00 is pointing into the stack for thread: 0x000002beaac58800
RSI=0x000002bedf8ce5a0 is an unknown value
RDI=0x000002be97c7b670 is an unknown value
R8 =0x000000d0427f3d00 is pointing into the stack for thread: 0x000002beaac58800
R9 =0x000000d0427f3d40 is pointing into the stack for thread: 0x000002beaac58800
R10=0x000002bedf8ce5b0 is an unknown value
R11=0xba105bfdb90df071 is an unknown value
R12=0x0000000000000000 is an unknown value
R13=0x0000000000000000 is an unknown value
R14=0x000002bedf8ce5a0 is an unknown value
R15=0x0000000000000001 is an unknown value


Registers:
RAX=0x00007ffacdba1610, RBX=0x000000d0427f3d40, RCX=0x000002be97c7b670, RDX=0x000002bedf8ce5a0
RSP=0x000000d0427f3bd8, RBP=0x000000d0427f3d00, RSI=0x000002bedf8ce5a0, RDI=0x000002be97c7b670
R8 =0x000000d0427f3d00, R9 =0x000000d0427f3d40, R10=0x000002bedf8ce5b0, R11=0xba105bfdb90df071
R12=0x0000000000000000, R13=0x0000000000000000, R14=0x000002bedf8ce5a0, R15=0x0000000000000001
RIP=0x00007ffacdbfdb50, EFLAGS=0x0000000000010202

Top of Stack: (sp=0x000000d0427f3bd8)
0x000000d0427f3bd8:   00007ffacd8befbc 000002bed33d9828
0x000000d0427f3be8:   00000000776dc95a 000002be00000000
0x000000d0427f3bf8:   000002be9d22f9c0 000002beeff6b010
0x000000d0427f3c08:   000000d0427f3d40 000000d0427f3d00
0x000000d0427f3c18:   000002bedf8ce5a0 fffffffffffffffe
0x000000d0427f3c28:   00000000779216a7 000000d0427f3d30
0x000000d0427f3c38:   0000000000000008 0000000000000000
0x000000d0427f3c48:   0000000000000010 0000000000000000
0x000000d0427f3c58:   0000000000000001 0000000000000000
0x000000d0427f3c68:   000000d0427f3d19 000002be9d120000
0x000000d0427f3c78:   00007ffb81acc7ba 000002be9d220000
0x000000d0427f3c88:   000000d00000000e 000086fca18a69fe
0x000000d0427f3c98:   000002be00000000 00007ffacdd50d48
0x000000d0427f3ca8:   000000d0427f3e18 000002bedce15570
0x000000d0427f3cb8:   000000d0427f3d49 000000d0427f3e00
0x000000d0427f3cc8:   00007ffacd8b60a7 000002beb55efd10 

Instructions: (pc=0x00007ffacdbfdb50)
0x00007ffacdbfdb30:   00 00 00 00 ff ff ff ff 00 00 00 00 40 00 00 00
0x00007ffacdbfdb40:   00 db 46 00 00 00 00 00 00 00 00 00 00 00 00 00
0x00007ffacdbfdb50:   01 00 00 00 00 00 00 00 00 00 00 00 40 6d 5a 00
0x00007ffacdbfdb60:   78 db 46 00 50 db 46 00 00 00 00 00 00 00 00 00 



---------------  P R O C E S S  ---------------

Java Threads: ( => current thread )
  0x000002be8aaf9800 JavaThread "Relaunch Simulation Thread" [_thread_in_native, id=3024, stack(0x000000d046400000,0x000000d046900000)]
  0x000002be8aafe000 JavaThread "Image Fetcher 0" daemon [_thread_blocked, id=36832, stack(0x000000d046e00000,0x000000d047300000)]
  0x000002bece66e800 JavaThread "SyntheticaAnimation 50" daemon [_thread_blocked, id=43976, stack(0x000000d044e00000,0x000000d045300000)]
  0x000002bece674000 JavaThread "Swing-Shell" daemon [_thread_blocked, id=41644, stack(0x000000d042800000,0x000000d042d00000)]
  0x000002bece677800 JavaThread "ForkJoinPool.commonPool-worker-25" daemon [_thread_blocked, id=33812, stack(0x000000d046900000,0x000000d046e00000)]
  0x000002bece672800 JavaThread "SyntheticaAnimation 50" daemon [_thread_blocked, id=46304, stack(0x000000d045f00000,0x000000d046400000)]
  0x000002bece675800 JavaThread "Image Animator 3" daemon [_thread_blocked, id=40592, stack(0x000000d045300000,0x000000d045800000)]
  0x000002bece670000 JavaThread "Update Runs Swing Worker Thread" [_thread_blocked, id=40620, stack(0x000000d045800000,0x000000d045d00000)]
  0x000002bece66f800 JavaThread "hw_ila_monitor" [_thread_blocked, id=22596, stack(0x000000d044900000,0x000000d044e00000)]
  0x000002bea4ad7800 JavaThread "Refresh Filesets Swing Worker Thread" [_thread_blocked, id=45972, stack(0x000000d041400000,0x000000d041900000)]
  0x000002bea4ad6000 JavaThread "SyntheticaAnimation 70" daemon [_thread_blocked, id=44212, stack(0x000000d044400000,0x000000d044900000)]
  0x000002bea4ad7000 JavaThread "SyntheticaAnimation 25" daemon [_thread_blocked, id=41336, stack(0x000000d043f00000,0x000000d044400000)]
  0x000002bea4ad4000 JavaThread "SyntheticaAnimation 50" daemon [_thread_blocked, id=40132, stack(0x000000d043a00000,0x000000d043f00000)]
  0x000002bea4ad3000 JavaThread "Monitor HEventQueue Thread" [_thread_blocked, id=34500, stack(0x000000d043500000,0x000000d043a00000)]
  0x000002bea4ad4800 JavaThread "SyntheticaCleanerThread" daemon [_thread_blocked, id=41892, stack(0x000000d042d00000,0x000000d043200000)]
  0x000002bea4ad1000 JavaThread "Batik CleanerThread" daemon [_thread_blocked, id=28104, stack(0x000000d041900000,0x000000d041e00000)]
=>0x000002beaac58800 JavaThread "AWT-EventQueue-1" [_thread_in_native, id=9212, stack(0x000000d042300000,0x000000d042800000)]
  0x000002becd558000 JavaThread "Process Messages Thread" [_thread_blocked, id=38956, stack(0x000000d041e00000,0x000000d042300000)]
  0x000002becc40b000 JavaThread "Thread-1" [_thread_in_native, id=32432, stack(0x000000d039900000,0x000000d03ad00000)]
  0x000002becb9f8800 JavaThread "TimerQueue" daemon [_thread_blocked, id=29012, stack(0x000000d040f00000,0x000000d041400000)]
  0x000002beaa88f800 JavaThread "AWT-Windows" daemon [_thread_in_native, id=30304, stack(0x000000d040a00000,0x000000d040f00000)]
  0x000002beaa896000 JavaThread "AWT-Shutdown" [_thread_blocked, id=29224, stack(0x000000d040500000,0x000000d040a00000)]
  0x000002beaa895800 JavaThread "Java2D Disposer" daemon [_thread_blocked, id=45384, stack(0x000000d040000000,0x000000d040500000)]
  0x000002bea9fbf000 JavaThread "Service Thread" daemon [_thread_blocked, id=45872, stack(0x000000d03fa00000,0x000000d03ff00000)]
  0x000002bea4adf000 JavaThread "Common-Cleaner" daemon [_thread_blocked, id=33676, stack(0x000000d03f500000,0x000000d03fa00000)]
  0x000002bea4ad1800 JavaThread "Sweeper thread" daemon [_thread_blocked, id=46316, stack(0x000000d03f000000,0x000000d03f500000)]
  0x000002bea4ad0000 JavaThread "C1 CompilerThread11" daemon [_thread_blocked, id=21112, stack(0x000000d03ef00000,0x000000d03f000000)]
  0x000002bea4acf800 JavaThread "C1 CompilerThread10" daemon [_thread_blocked, id=37356, stack(0x000000d03ee00000,0x000000d03ef00000)]
  0x000002bea4aca000 JavaThread "C1 CompilerThread9" daemon [_thread_blocked, id=27232, stack(0x000000d03ed00000,0x000000d03ee00000)]
  0x000002bea4ac9800 JavaThread "C1 CompilerThread8" daemon [_thread_blocked, id=35828, stack(0x000000d03ec00000,0x000000d03ed00000)]
  0x000002bea4ac8800 JavaThread "C2 CompilerThread7" daemon [_thread_blocked, id=10220, stack(0x000000d03eb00000,0x000000d03ec00000)]
  0x000002bea4ac8000 JavaThread "C2 CompilerThread6" daemon [_thread_blocked, id=34236, stack(0x000000d03ea00000,0x000000d03eb00000)]
  0x000002bea4ac6800 JavaThread "C2 CompilerThread5" daemon [_thread_blocked, id=33288, stack(0x000000d03e900000,0x000000d03ea00000)]
  0x000002bea4ac1800 JavaThread "C2 CompilerThread4" daemon [_thread_blocked, id=38576, stack(0x000000d03e800000,0x000000d03e900000)]
  0x000002bea4abf000 JavaThread "C2 CompilerThread3" daemon [_thread_blocked, id=45288, stack(0x000000d03e700000,0x000000d03e800000)]
  0x000002bea4abe800 JavaThread "C2 CompilerThread2" daemon [_thread_blocked, id=37412, stack(0x000000d03e600000,0x000000d03e700000)]
  0x000002bea4abd000 JavaThread "C2 CompilerThread1" daemon [_thread_blocked, id=42956, stack(0x000000d03e500000,0x000000d03e600000)]
  0x000002bea4abc800 JavaThread "C2 CompilerThread0" daemon [_thread_blocked, id=19672, stack(0x000000d03e400000,0x000000d03e500000)]
  0x000002bea4abb800 JavaThread "Attach Listener" daemon [_thread_blocked, id=34072, stack(0x000000d03df00000,0x000000d03e400000)]
  0x000002bea4abb000 JavaThread "Signal Dispatcher" daemon [_thread_blocked, id=26980, stack(0x000000d03da00000,0x000000d03df00000)]
  0x000002bea312e800 JavaThread "Finalizer" daemon [_thread_blocked, id=2140, stack(0x000000d03d500000,0x000000d03da00000)]
  0x000002bea9d1a800 JavaThread "Reference Handler" daemon [_thread_blocked, id=14192, stack(0x000000d03d000000,0x000000d03d500000)]
  0x000002bea0e4f000 JavaThread "main" [_thread_blocked, id=27740, stack(0x000000d03af00000,0x000000d03b000000)]

Other Threads:
  0x000002bea9d18800 VMThread "VM Thread" [stack: 0x000000d03cf00000,0x000000d03d000000] [id=26756]
  0x000002beaa1d8800 WatcherThread [stack: 0x000000d03ff00000,0x000000d040000000] [id=31184]
  0x000002bea5709800 GCTaskThread "GC Thread#0" [stack: 0x000000d03b000000,0x000000d03b100000] [id=43856]
  0x000002bea8d85800 GCTaskThread "GC Thread#1" [stack: 0x000000d03b100000,0x000000d03b200000] [id=30868]
  0x000002bea8d84800 GCTaskThread "GC Thread#2" [stack: 0x000000d03b200000,0x000000d03b300000] [id=10300]
  0x000002bea8d87000 GCTaskThread "GC Thread#3" [stack: 0x000000d03b300000,0x000000d03b400000] [id=24368]
  0x000002bea8d87800 GCTaskThread "GC Thread#4" [stack: 0x000000d03b400000,0x000000d03b500000] [id=8812]
  0x000002bea8d86000 GCTaskThread "GC Thread#5" [stack: 0x000000d03b500000,0x000000d03b600000] [id=19748]
  0x000002bea8d85000 GCTaskThread "GC Thread#6" [stack: 0x000000d03b600000,0x000000d03b700000] [id=28440]
  0x000002bea6633000 GCTaskThread "GC Thread#7" [stack: 0x000000d03b700000,0x000000d03b800000] [id=21416]
  0x000002bea6634800 GCTaskThread "GC Thread#8" [stack: 0x000000d03b800000,0x000000d03b900000] [id=4828]
  0x000002bea6635000 GCTaskThread "GC Thread#9" [stack: 0x000000d03b900000,0x000000d03ba00000] [id=33536]
  0x000002bea6633800 GCTaskThread "GC Thread#10" [stack: 0x000000d03ba00000,0x000000d03bb00000] [id=39992]
  0x000002bea6636800 GCTaskThread "GC Thread#11" [stack: 0x000000d03bb00000,0x000000d03bc00000] [id=9188]
  0x000002bea6632800 GCTaskThread "GC Thread#12" [stack: 0x000000d03bc00000,0x000000d03bd00000] [id=9588]
  0x000002bea6834800 ConcurrentGCThread "G1 Main Marker" [stack: 0x000000d03cb00000,0x000000d03cc00000] [id=37344]
  0x000002bea6637000 ConcurrentGCThread "G1 Marker#0" [stack: 0x000000d03cc00000,0x000000d03cd00000] [id=27952]
  0x000002bea6635800 ConcurrentGCThread "G1 Marker#1" [stack: 0x000000d03cd00000,0x000000d03ce00000] [id=39548]
  0x000002bea6630000 ConcurrentGCThread "G1 Marker#2" [stack: 0x000000d03ce00000,0x000000d03cf00000] [id=24864]
  0x000002bea6bd5000 ConcurrentGCThread "G1 Refine#0" [stack: 0x000000d03c900000,0x000000d03ca00000] [id=40584]
  0x000002bea8039800 ConcurrentGCThread "G1 Refine#1" [stack: 0x000000d03c800000,0x000000d03c900000] [id=21208]
  0x000002bea8038800 ConcurrentGCThread "G1 Refine#2" [stack: 0x000000d03c700000,0x000000d03c800000] [id=20944]
  0x000002bea2f44800 ConcurrentGCThread "G1 Refine#3" [stack: 0x000000d03c600000,0x000000d03c700000] [id=10132]
  0x000002bea2f43800 ConcurrentGCThread "G1 Refine#4" [stack: 0x000000d03c500000,0x000000d03c600000] [id=30004]
  0x000002bea4ae6000 ConcurrentGCThread "G1 Refine#5" [stack: 0x000000d03c400000,0x000000d03c500000] [id=45556]
  0x000002bea4ae5800 ConcurrentGCThread "G1 Refine#6" [stack: 0x000000d03c300000,0x000000d03c400000] [id=21840]
  0x000002bea5272800 ConcurrentGCThread "G1 Refine#7" [stack: 0x000000d03c200000,0x000000d03c300000] [id=28376]
  0x000002bea6643800 ConcurrentGCThread "G1 Refine#8" [stack: 0x000000d03c100000,0x000000d03c200000] [id=25160]
  0x000002bea6625000 ConcurrentGCThread "G1 Refine#9" [stack: 0x000000d03c000000,0x000000d03c100000] [id=24992]
  0x000002bea6624800 ConcurrentGCThread "G1 Refine#10" [stack: 0x000000d03bf00000,0x000000d03c000000] [id=42324]
  0x000002bea4b6b000 ConcurrentGCThread "G1 Refine#11" [stack: 0x000000d03be00000,0x000000d03bf00000] [id=40008]
  0x000002bea8432000 ConcurrentGCThread "G1 Refine#12" [stack: 0x000000d03bd00000,0x000000d03be00000] [id=43548]
  0x000002bea6bd5800 ConcurrentGCThread "G1 Young RemSet Sampling" [stack: 0x000000d03ca00000,0x000000d03cb00000] [id=29084]

Threads with active compile tasks:

VM state:not at safepoint (normal execution)

VM Mutex/Monitor currently owned by a thread: None

Heap address: 0x0000000700000000, size: 3072 MB, Compressed Oops mode: Zero based, Oop shift amount: 3
Narrow klass base: 0x0000000000000000, Narrow klass shift: 3
Compressed class space size: 1073741824 Address: 0x00000007c0000000

Heap:
 garbage-first heap   total 357376K, used 180339K [0x0000000700000000, 0x0000000700100ae8, 0x00000007c0000000)
  region size 1024K, 57 young (58368K), 1 survivors (1024K)
 Metaspace       used 101526K, capacity 103921K, committed 108288K, reserved 1142784K
  class space    used 13903K, capacity 14399K, committed 15360K, reserved 1048576K
Heap Regions: E=young(eden), S=young(survivor), O=old, HS=humongous(starts), HC=humongous(continues), CS=collection set, F=free, A=archive, TS=gc time stamp, AC=allocation context, TAMS=top-at-mark-start (previous, next)
|   0|0x0000000700000000, 0x0000000700100000, 0x0000000700100000|100%| O|  |TS  0|AC  0|TAMS 0x0000000700000000, 0x0000000700000000|
|   1|0x0000000700100000, 0x00000007001ec468, 0x0000000700200000| 92%| O|  |TS  0|AC  0|TAMS 0x0000000700100000, 0x0000000700100000|
|   2|0x0000000700200000, 0x00000007002c2c98, 0x0000000700300000| 76%| O|  |TS  0|AC  0|TAMS 0x0000000700200000, 0x0000000700200000|
|   3|0x0000000700300000, 0x00000007003f9700, 0x0000000700400000| 97%| O|  |TS  0|AC  0|TAMS 0x0000000700300000, 0x0000000700300000|
|   4|0x0000000700400000, 0x0000000700500000, 0x0000000700500000|100%|HS|  |TS  0|AC  0|TAMS 0x0000000700400000, 0x0000000700400000|
|   5|0x0000000700500000, 0x0000000700600000, 0x0000000700600000|100%|HC|  |TS  0|AC  0|TAMS 0x0000000700500000, 0x0000000700500000|
|   6|0x0000000700600000, 0x0000000700700000, 0x0000000700700000|100%|HS|  |TS  0|AC  0|TAMS 0x0000000700600000, 0x0000000700600000|
|   7|0x0000000700700000, 0x00000007007f9040, 0x0000000700800000| 97%| O|  |TS  0|AC  0|TAMS 0x0000000700700000, 0x0000000700700000|
|   8|0x0000000700800000, 0x00000007008fe488, 0x0000000700900000| 99%| O|  |TS  0|AC  0|TAMS 0x0000000700800000, 0x0000000700800000|
|   9|0x0000000700900000, 0x00000007009ffff8, 0x0000000700a00000| 99%| O|  |TS  0|AC  0|TAMS 0x0000000700900000, 0x0000000700900000|
|  10|0x0000000700a00000, 0x0000000700affff0, 0x0000000700b00000| 99%| O|  |TS  0|AC  0|TAMS 0x0000000700a00000, 0x0000000700a00000|
|  11|0x0000000700b00000, 0x0000000700bfffe0, 0x0000000700c00000| 99%| O|  |TS  0|AC  0|TAMS 0x0000000700b00000, 0x0000000700b00000|
|  12|0x0000000700c00000, 0x0000000700d00000, 0x0000000700d00000|100%| O|  |TS  0|AC  0|TAMS 0x0000000700c00000, 0x0000000700c00000|
|  13|0x0000000700d00000, 0x0000000700e00000, 0x0000000700e00000|100%|HS|  |TS  0|AC  0|TAMS 0x0000000700d00000, 0x0000000700d00000|
|  14|0x0000000700e00000, 0x0000000700f00000, 0x0000000700f00000|100%| O|  |TS  0|AC  0|TAMS 0x0000000700e00000, 0x0000000700e00000|
|  15|0x0000000700f00000, 0x0000000700fc8f90, 0x0000000701000000| 78%| O|  |TS  0|AC  0|TAMS 0x0000000700f00000, 0x0000000700f00000|
|  16|0x0000000701000000, 0x00000007010de9a0, 0x0000000701100000| 86%| O|  |TS  0|AC  0|TAMS 0x0000000701000000, 0x0000000701000000|
|  17|0x0000000701100000, 0x00000007011e8a98, 0x0000000701200000| 90%| O|  |TS  0|AC  0|TAMS 0x0000000701100000, 0x0000000701100000|
|  18|0x0000000701200000, 0x00000007012ffb18, 0x0000000701300000| 99%| O|  |TS  0|AC  0|TAMS 0x0000000701200000, 0x0000000701200000|
|  19|0x0000000701300000, 0x00000007013ffe60, 0x0000000701400000| 99%| O|  |TS  0|AC  0|TAMS 0x0000000701300000, 0x0000000701300000|
|  20|0x0000000701400000, 0x00000007014fffe0, 0x0000000701500000| 99%| O|  |TS  0|AC  0|TAMS 0x0000000701400000, 0x0000000701400000|
|  21|0x0000000701500000, 0x00000007015fe430, 0x0000000701600000| 99%| O|  |TS  0|AC  0|TAMS 0x0000000701500000, 0x0000000701500000|
|  22|0x0000000701600000, 0x00000007016ff4f0, 0x0000000701700000| 99%| O|  |TS  0|AC  0|TAMS 0x0000000701600000, 0x0000000701600000|
|  23|0x0000000701700000, 0x00000007017fffd0, 0x0000000701800000| 99%| O|  |TS  0|AC  0|TAMS 0x0000000701700000, 0x0000000701700000|
|  24|0x0000000701800000, 0x0000000701900000, 0x0000000701900000|100%| O|  |TS  0|AC  0|TAMS 0x0000000701800000, 0x0000000701800000|
|  25|0x0000000701900000, 0x00000007019fffe8, 0x0000000701a00000| 99%| O|  |TS  0|AC  0|TAMS 0x0000000701900000, 0x0000000701900000|
|  26|0x0000000701a00000, 0x0000000701afffb8, 0x0000000701b00000| 99%| O|  |TS  0|AC  0|TAMS 0x0000000701a00000, 0x0000000701a00000|
|  27|0x0000000701b00000, 0x0000000701c00000, 0x0000000701c00000|100%| O|  |TS  0|AC  0|TAMS 0x0000000701b00000, 0x0000000701b00000|
|  28|0x0000000701c00000, 0x0000000701d00000, 0x0000000701d00000|100%| O|  |TS  0|AC  0|TAMS 0x0000000701c00000, 0x0000000701c00000|
|  29|0x0000000701d00000, 0x0000000701dfffe0, 0x0000000701e00000| 99%| O|  |TS  0|AC  0|TAMS 0x0000000701d00000, 0x0000000701d00000|
|  30|0x0000000701e00000, 0x0000000701effff8, 0x0000000701f00000| 99%| O|  |TS  0|AC  0|TAMS 0x0000000701e00000, 0x0000000701e00000|
|  31|0x0000000701f00000, 0x0000000701fffff8, 0x0000000702000000| 99%| O|  |TS  0|AC  0|TAMS 0x0000000701f00000, 0x0000000701f00000|
|  32|0x0000000702000000, 0x00000007020fff40, 0x0000000702100000| 99%| O|  |TS  0|AC  0|TAMS 0x0000000702000000, 0x0000000702000000|
|  33|0x0000000702100000, 0x00000007021fffe8, 0x0000000702200000| 99%| O|  |TS  0|AC  0|TAMS 0x0000000702100000, 0x0000000702100000|
|  34|0x0000000702200000, 0x00000007022fff98, 0x0000000702300000| 99%| O|  |TS  0|AC  0|TAMS 0x0000000702200000, 0x0000000702200000|
|  35|0x0000000702300000, 0x00000007023ffe28, 0x0000000702400000| 99%| O|  |TS  0|AC  0|TAMS 0x0000000702300000, 0x0000000702300000|
|  36|0x0000000702400000, 0x00000007024fffe8, 0x0000000702500000| 99%| O|  |TS  0|AC  0|TAMS 0x0000000702400000, 0x0000000702400000|
|  37|0x0000000702500000, 0x00000007025ffff0, 0x0000000702600000| 99%| O|  |TS  0|AC  0|TAMS 0x0000000702500000, 0x0000000702500000|
|  38|0x0000000702600000, 0x00000007026fffe8, 0x0000000702700000| 99%| O|  |TS  0|AC  0|TAMS 0x0000000702600000, 0x0000000702600000|
|  39|0x0000000702700000, 0x00000007027ffff8, 0x0000000702800000| 99%| O|  |TS  0|AC  0|TAMS 0x0000000702700000, 0x0000000702700000|
|  40|0x0000000702800000, 0x00000007028fffe0, 0x0000000702900000| 99%| O|  |TS  0|AC  0|TAMS 0x0000000702800000, 0x0000000702800000|
|  41|0x0000000702900000, 0x00000007029fffe8, 0x0000000702a00000| 99%| O|  |TS  0|AC  0|TAMS 0x0000000702900000, 0x0000000702900000|
|  42|0x0000000702a00000, 0x0000000702affff0, 0x0000000702b00000| 99%| O|  |TS  0|AC  0|TAMS 0x0000000702a00000, 0x0000000702a00000|
|  43|0x0000000702b00000, 0x0000000702bffff8, 0x0000000702c00000| 99%| O|  |TS  0|AC  0|TAMS 0x0000000702b00000, 0x0000000702b00000|
|  44|0x0000000702c00000, 0x0000000702cfe288, 0x0000000702d00000| 99%| O|  |TS  0|AC  0|TAMS 0x0000000702c00000, 0x0000000702c00000|
|  45|0x0000000702d00000, 0x0000000702ddeb78, 0x0000000702e00000| 86%| O|  |TS  0|AC  0|TAMS 0x0000000702d00000, 0x0000000702d00000|
|  46|0x0000000702e00000, 0x0000000702effff8, 0x0000000702f00000| 99%| O|  |TS  0|AC  0|TAMS 0x0000000702e00000, 0x0000000702e00000|
|  47|0x0000000702f00000, 0x0000000703000000, 0x0000000703000000|100%|HS|  |TS  0|AC  0|TAMS 0x0000000702f00000, 0x0000000702f00000|
|  48|0x0000000703000000, 0x0000000703100000, 0x0000000703100000|100%|HC|  |TS  0|AC  0|TAMS 0x0000000703000000, 0x0000000703000000|
|  49|0x0000000703100000, 0x0000000703200000, 0x0000000703200000|100%|HC|  |TS  0|AC  0|TAMS 0x0000000703100000, 0x0000000703100000|
|  50|0x0000000703200000, 0x0000000703300000, 0x0000000703300000|100%|HC|  |TS  0|AC  0|TAMS 0x0000000703200000, 0x0000000703200000|
|  51|0x0000000703300000, 0x0000000703400000, 0x0000000703400000|100%|HC|  |TS  0|AC  0|TAMS 0x0000000703300000, 0x0000000703300000|
|  52|0x0000000703400000, 0x0000000703500000, 0x0000000703500000|100%|HC|  |TS  0|AC  0|TAMS 0x0000000703400000, 0x0000000703400000|
|  53|0x0000000703500000, 0x0000000703600000, 0x0000000703600000|100%|HC|  |TS  0|AC  0|TAMS 0x0000000703500000, 0x0000000703500000|
|  54|0x0000000703600000, 0x0000000703700000, 0x0000000703700000|100%|HC|  |TS  0|AC  0|TAMS 0x0000000703600000, 0x0000000703600000|
|  55|0x0000000703700000, 0x00000007037fffe8, 0x0000000703800000| 99%| O|  |TS  0|AC  0|TAMS 0x0000000703700000, 0x0000000703700000|
|  56|0x0000000703800000, 0x0000000703900000, 0x0000000703900000|100%| O|  |TS  0|AC  0|TAMS 0x0000000703800000, 0x0000000703800000|
|  57|0x0000000703900000, 0x0000000703a00000, 0x0000000703a00000|100%| O|  |TS  0|AC  0|TAMS 0x0000000703900000, 0x0000000703900000|
|  58|0x0000000703a00000, 0x0000000703affff8, 0x0000000703b00000| 99%| O|  |TS  0|AC  0|TAMS 0x0000000703a00000, 0x0000000703a00000|
|  59|0x0000000703b00000, 0x0000000703bffff8, 0x0000000703c00000| 99%| O|  |TS  0|AC  0|TAMS 0x0000000703b00000, 0x0000000703b00000|
|  60|0x0000000703c00000, 0x0000000703cffff0, 0x0000000703d00000| 99%| O|  |TS  0|AC  0|TAMS 0x0000000703c00000, 0x0000000703c00000|
|  61|0x0000000703d00000, 0x0000000703dffff8, 0x0000000703e00000| 99%| O|  |TS  0|AC  0|TAMS 0x0000000703d00000, 0x0000000703d00000|
|  62|0x0000000703e00000, 0x0000000703effff8, 0x0000000703f00000| 99%| O|  |TS  0|AC  0|TAMS 0x0000000703e00000, 0x0000000703e00000|
|  63|0x0000000703f00000, 0x0000000704000000, 0x0000000704000000|100%| O|  |TS  0|AC  0|TAMS 0x0000000703f00000, 0x0000000703f00000|
|  64|0x0000000704000000, 0x00000007040ffff0, 0x0000000704100000| 99%| O|  |TS  0|AC  0|TAMS 0x0000000704000000, 0x0000000704000000|
|  65|0x0000000704100000, 0x00000007041fffb0, 0x0000000704200000| 99%| O|  |TS  0|AC  0|TAMS 0x0000000704100000, 0x0000000704100000|
|  66|0x0000000704200000, 0x00000007042ffff8, 0x0000000704300000| 99%| O|  |TS  0|AC  0|TAMS 0x0000000704200000, 0x0000000704200000|
|  67|0x0000000704300000, 0x0000000704400000, 0x0000000704400000|100%|HS|  |TS  0|AC  0|TAMS 0x0000000704300000, 0x0000000704300000|
|  68|0x0000000704400000, 0x0000000704500000, 0x0000000704500000|100%|HC|  |TS  0|AC  0|TAMS 0x0000000704400000, 0x0000000704400000|
|  69|0x0000000704500000, 0x00000007045ffff0, 0x0000000704600000| 99%| O|  |TS  0|AC  0|TAMS 0x0000000704500000, 0x0000000704500000|
|  70|0x0000000704600000, 0x0000000704700000, 0x0000000704700000|100%| O|  |TS  0|AC  0|TAMS 0x0000000704600000, 0x0000000704600000|
|  71|0x0000000704700000, 0x00000007047ffff8, 0x0000000704800000| 99%| O|  |TS  0|AC  0|TAMS 0x0000000704700000, 0x0000000704700000|
|  72|0x0000000704800000, 0x0000000704900000, 0x0000000704900000|100%| O|  |TS  0|AC  0|TAMS 0x0000000704800000, 0x0000000704800000|
|  73|0x0000000704900000, 0x00000007049ffff0, 0x0000000704a00000| 99%| O|  |TS  0|AC  0|TAMS 0x0000000704900000, 0x0000000704900000|
|  74|0x0000000704a00000, 0x0000000704afffe8, 0x0000000704b00000| 99%| O|  |TS  0|AC  0|TAMS 0x0000000704a00000, 0x0000000704a00000|
|  75|0x0000000704b00000, 0x0000000704bffff8, 0x0000000704c00000| 99%| O|  |TS  0|AC  0|TAMS 0x0000000704b00000, 0x0000000704b00000|
|  76|0x0000000704c00000, 0x0000000704cfffe8, 0x0000000704d00000| 99%| O|  |TS  0|AC  0|TAMS 0x0000000704c00000, 0x0000000704c00000|
|  77|0x0000000704d00000, 0x0000000704dfffc8, 0x0000000704e00000| 99%| O|  |TS  0|AC  0|TAMS 0x0000000704d00000, 0x0000000704d00000|
|  78|0x0000000704e00000, 0x0000000704effea8, 0x0000000704f00000| 99%| O|  |TS  0|AC  0|TAMS 0x0000000704e00000, 0x0000000704e00000|
|  79|0x0000000704f00000, 0x0000000704fffff8, 0x0000000705000000| 99%| O|  |TS  0|AC  0|TAMS 0x0000000704f00000, 0x0000000704f00000|
|  80|0x0000000705000000, 0x0000000705100000, 0x0000000705100000|100%| O|  |TS  0|AC  0|TAMS 0x0000000705000000, 0x0000000705000000|
|  81|0x0000000705100000, 0x00000007051ffff8, 0x0000000705200000| 99%| O|  |TS  0|AC  0|TAMS 0x0000000705100000, 0x0000000705100000|
|  82|0x0000000705200000, 0x00000007052fff48, 0x0000000705300000| 99%| O|  |TS  0|AC  0|TAMS 0x0000000705200000, 0x0000000705200000|
|  83|0x0000000705300000, 0x00000007053fffe8, 0x0000000705400000| 99%| O|  |TS  0|AC  0|TAMS 0x0000000705300000, 0x0000000705300000|
|  84|0x0000000705400000, 0x0000000705500000, 0x0000000705500000|100%| O|  |TS  0|AC  0|TAMS 0x0000000705400000, 0x0000000705400000|
|  85|0x0000000705500000, 0x00000007055fffe0, 0x0000000705600000| 99%| O|  |TS  0|AC  0|TAMS 0x0000000705500000, 0x0000000705500000|
|  86|0x0000000705600000, 0x00000007056ffff8, 0x0000000705700000| 99%| O|  |TS  0|AC  0|TAMS 0x0000000705600000, 0x0000000705600000|
|  87|0x0000000705700000, 0x00000007057fffd0, 0x0000000705800000| 99%| O|  |TS  0|AC  0|TAMS 0x0000000705700000, 0x0000000705700000|
|  88|0x0000000705800000, 0x00000007058fffd8, 0x0000000705900000| 99%| O|  |TS  0|AC  0|TAMS 0x0000000705800000, 0x0000000705800000|
|  89|0x0000000705900000, 0x00000007059fffe0, 0x0000000705a00000| 99%| O|  |TS  0|AC  0|TAMS 0x0000000705900000, 0x0000000705900000|
|  90|0x0000000705a00000, 0x0000000705affff0, 0x0000000705b00000| 99%| O|  |TS  0|AC  0|TAMS 0x0000000705a00000, 0x0000000705a00000|
|  91|0x0000000705b00000, 0x0000000705bffed0, 0x0000000705c00000| 99%| O|  |TS  0|AC  0|TAMS 0x0000000705b00000, 0x0000000705b00000|
|  92|0x0000000705c00000, 0x0000000705cfff00, 0x0000000705d00000| 99%| O|  |TS  0|AC  0|TAMS 0x0000000705c00000, 0x0000000705c00000|
|  93|0x0000000705d00000, 0x0000000705dffff8, 0x0000000705e00000| 99%| O|  |TS  0|AC  0|TAMS 0x0000000705d00000, 0x0000000705d00000|
|  94|0x0000000705e00000, 0x0000000705efffb8, 0x0000000705f00000| 99%| O|  |TS  0|AC  0|TAMS 0x0000000705e00000, 0x0000000705e00000|
|  95|0x0000000705f00000, 0x0000000705fffff8, 0x0000000706000000| 99%| O|  |TS  0|AC  0|TAMS 0x0000000705f00000, 0x0000000705f00000|
|  96|0x0000000706000000, 0x00000007060ffff0, 0x0000000706100000| 99%| O|  |TS  0|AC  0|TAMS 0x0000000706000000, 0x0000000706000000|
|  97|0x0000000706100000, 0x0000000706200000, 0x0000000706200000|100%| O|  |TS  0|AC  0|TAMS 0x0000000706100000, 0x0000000706100000|
|  98|0x0000000706200000, 0x0000000706300000, 0x0000000706300000|100%| O|  |TS  0|AC  0|TAMS 0x0000000706200000, 0x0000000706200000|
|  99|0x0000000706300000, 0x0000000706400000, 0x0000000706400000|100%| O|  |TS  0|AC  0|TAMS 0x0000000706300000, 0x0000000706300000|
| 100|0x0000000706400000, 0x00000007064fffd0, 0x0000000706500000| 99%| O|  |TS  0|AC  0|TAMS 0x0000000706400000, 0x0000000706400000|
| 101|0x0000000706500000, 0x00000007065fe7b8, 0x0000000706600000| 99%| O|  |TS  0|AC  0|TAMS 0x0000000706500000, 0x0000000706500000|
| 102|0x0000000706600000, 0x00000007066ffff0, 0x0000000706700000| 99%| O|  |TS  0|AC  0|TAMS 0x0000000706600000, 0x0000000706600000|
| 103|0x0000000706700000, 0x00000007067fffe0, 0x0000000706800000| 99%| O|  |TS  0|AC  0|TAMS 0x0000000706700000, 0x0000000706700000|
| 104|0x0000000706800000, 0x0000000706900000, 0x0000000706900000|100%| O|  |TS  0|AC  0|TAMS 0x0000000706800000, 0x0000000706800000|
| 105|0x0000000706900000, 0x00000007069fffe0, 0x0000000706a00000| 99%| O|  |TS  0|AC  0|TAMS 0x0000000706900000, 0x0000000706900000|
| 106|0x0000000706a00000, 0x0000000706affff0, 0x0000000706b00000| 99%| O|  |TS  0|AC  0|TAMS 0x0000000706a00000, 0x0000000706a00000|
| 107|0x0000000706b00000, 0x0000000706c00000, 0x0000000706c00000|100%| O|  |TS  0|AC  0|TAMS 0x0000000706b00000, 0x0000000706b00000|
| 108|0x0000000706c00000, 0x0000000706cffff0, 0x0000000706d00000| 99%| O|  |TS  0|AC  0|TAMS 0x0000000706c00000, 0x0000000706c00000|
| 109|0x0000000706d00000, 0x0000000706dffff8, 0x0000000706e00000| 99%| O|  |TS  0|AC  0|TAMS 0x0000000706d00000, 0x0000000706d00000|
| 110|0x0000000706e00000, 0x0000000706ea12c8, 0x0000000706f00000| 62%| O|  |TS  0|AC  0|TAMS 0x0000000706e00000, 0x0000000706e00000|
| 111|0x0000000706f00000, 0x0000000707000000, 0x0000000707000000|100%|HS|  |TS  0|AC  0|TAMS 0x0000000706f00000, 0x0000000706f00000|
| 112|0x0000000707000000, 0x0000000707100000, 0x0000000707100000|100%|HC|  |TS  0|AC  0|TAMS 0x0000000707000000, 0x0000000707000000|
| 113|0x0000000707100000, 0x0000000707200000, 0x0000000707200000|100%|HS|  |TS  0|AC  0|TAMS 0x0000000707100000, 0x0000000707100000|
| 114|0x0000000707200000, 0x0000000707300000, 0x0000000707300000|100%|HC|  |TS  0|AC  0|TAMS 0x0000000707200000, 0x0000000707200000|
| 115|0x0000000707300000, 0x0000000707400000, 0x0000000707400000|100%|HC|  |TS  0|AC  0|TAMS 0x0000000707300000, 0x0000000707300000|
| 116|0x0000000707400000, 0x0000000707500000, 0x0000000707500000|100%|HS|  |TS  0|AC  0|TAMS 0x0000000707400000, 0x0000000707400000|
| 117|0x0000000707500000, 0x0000000707600000, 0x0000000707600000|100%|HC|  |TS  0|AC  0|TAMS 0x0000000707500000, 0x0000000707500000|
| 118|0x0000000707600000, 0x0000000707700000, 0x0000000707700000|100%|HC|  |TS  0|AC  0|TAMS 0x0000000707600000, 0x0000000707600000|
| 119|0x0000000707700000, 0x0000000707800000, 0x0000000707800000|100%|HS|  |TS  0|AC  0|TAMS 0x0000000707700000, 0x0000000707700000|
| 120|0x0000000707800000, 0x0000000707900000, 0x0000000707900000|100%|HC|  |TS  0|AC  0|TAMS 0x0000000707800000, 0x0000000707800000|
| 121|0x0000000707900000, 0x0000000707a00000, 0x0000000707a00000|100%|HC|  |TS  0|AC  0|TAMS 0x0000000707900000, 0x0000000707900000|
| 122|0x0000000707a00000, 0x0000000707a00000, 0x0000000707b00000|  0%| F|  |TS  0|AC  0|TAMS 0x0000000707a00000, 0x0000000707a00000|
| 123|0x0000000707b00000, 0x0000000707b00000, 0x0000000707c00000|  0%| F|  |TS  0|AC  0|TAMS 0x0000000707b00000, 0x0000000707b00000|
| 124|0x0000000707c00000, 0x0000000707c00000, 0x0000000707d00000|  0%| F|  |TS  0|AC  0|TAMS 0x0000000707c00000, 0x0000000707c00000|
| 125|0x0000000707d00000, 0x0000000707d00000, 0x0000000707e00000|  0%| F|  |TS  0|AC  0|TAMS 0x0000000707d00000, 0x0000000707d00000|
| 126|0x0000000707e00000, 0x0000000707e00000, 0x0000000707f00000|  0%| F|  |TS  0|AC  0|TAMS 0x0000000707e00000, 0x0000000707e00000|
| 127|0x0000000707f00000, 0x0000000707f00000, 0x0000000708000000|  0%| F|  |TS  0|AC  0|TAMS 0x0000000707f00000, 0x0000000707f00000|
| 128|0x0000000708000000, 0x0000000708000000, 0x0000000708100000|  0%| F|  |TS  0|AC  0|TAMS 0x0000000708000000, 0x0000000708000000|
| 129|0x0000000708100000, 0x0000000708100000, 0x0000000708200000|  0%| F|  |TS  0|AC  0|TAMS 0x0000000708100000, 0x0000000708100000|
| 130|0x0000000708200000, 0x0000000708200000, 0x0000000708300000|  0%| F|  |TS  0|AC  0|TAMS 0x0000000708200000, 0x0000000708200000|
| 131|0x0000000708300000, 0x0000000708300000, 0x0000000708400000|  0%| F|  |TS  0|AC  0|TAMS 0x0000000708300000, 0x0000000708300000|
| 132|0x0000000708400000, 0x0000000708400000, 0x0000000708500000|  0%| F|  |TS  0|AC  0|TAMS 0x0000000708400000, 0x0000000708400000|
| 133|0x0000000708500000, 0x0000000708500000, 0x0000000708600000|  0%| F|  |TS  0|AC  0|TAMS 0x0000000708500000, 0x0000000708500000|
| 134|0x0000000708600000, 0x0000000708600000, 0x0000000708700000|  0%| F|  |TS  0|AC  0|TAMS 0x0000000708600000, 0x0000000708600000|
| 135|0x0000000708700000, 0x0000000708700000, 0x0000000708800000|  0%| F|  |TS  0|AC  0|TAMS 0x0000000708700000, 0x0000000708700000|
| 136|0x0000000708800000, 0x0000000708800000, 0x0000000708900000|  0%| F|  |TS  0|AC  0|TAMS 0x0000000708800000, 0x0000000708800000|
| 137|0x0000000708900000, 0x0000000708900000, 0x0000000708a00000|  0%| F|  |TS  0|AC  0|TAMS 0x0000000708900000, 0x0000000708900000|
| 138|0x0000000708a00000, 0x0000000708a00000, 0x0000000708b00000|  0%| F|  |TS  0|AC  0|TAMS 0x0000000708a00000, 0x0000000708a00000|
| 139|0x0000000708b00000, 0x0000000708b00000, 0x0000000708c00000|  0%| F|  |TS  0|AC  0|TAMS 0x0000000708b00000, 0x0000000708b00000|
| 140|0x0000000708c00000, 0x0000000708c00000, 0x0000000708d00000|  0%| F|  |TS  0|AC  0|TAMS 0x0000000708c00000, 0x0000000708c00000|
| 141|0x0000000708d00000, 0x0000000708d00000, 0x0000000708e00000|  0%| F|  |TS  0|AC  0|TAMS 0x0000000708d00000, 0x0000000708d00000|
| 142|0x0000000708e00000, 0x0000000708e00000, 0x0000000708f00000|  0%| F|  |TS  0|AC  0|TAMS 0x0000000708e00000, 0x0000000708e00000|
| 143|0x0000000708f00000, 0x0000000708f00000, 0x0000000709000000|  0%| F|  |TS  0|AC  0|TAMS 0x0000000708f00000, 0x0000000708f00000|
| 144|0x0000000709000000, 0x0000000709000000, 0x0000000709100000|  0%| F|  |TS  0|AC  0|TAMS 0x0000000709000000, 0x0000000709000000|
| 145|0x0000000709100000, 0x0000000709100000, 0x0000000709200000|  0%| F|  |TS  0|AC  0|TAMS 0x0000000709100000, 0x0000000709100000|
| 146|0x0000000709200000, 0x0000000709200000, 0x0000000709300000|  0%| F|  |TS  0|AC  0|TAMS 0x0000000709200000, 0x0000000709200000|
| 147|0x0000000709300000, 0x0000000709300000, 0x0000000709400000|  0%| F|  |TS  0|AC  0|TAMS 0x0000000709300000, 0x0000000709300000|
| 148|0x0000000709400000, 0x0000000709400000, 0x0000000709500000|  0%| F|  |TS  0|AC  0|TAMS 0x0000000709400000, 0x0000000709400000|
| 149|0x0000000709500000, 0x0000000709500000, 0x0000000709600000|  0%| F|  |TS  0|AC  0|TAMS 0x0000000709500000, 0x0000000709500000|
| 150|0x0000000709600000, 0x0000000709600000, 0x0000000709700000|  0%| F|  |TS  0|AC  0|TAMS 0x0000000709600000, 0x0000000709600000|
| 151|0x0000000709700000, 0x0000000709700000, 0x0000000709800000|  0%| F|  |TS  0|AC  0|TAMS 0x0000000709700000, 0x0000000709700000|
| 152|0x0000000709800000, 0x0000000709800000, 0x0000000709900000|  0%| F|  |TS  0|AC  0|TAMS 0x0000000709800000, 0x0000000709800000|
| 153|0x0000000709900000, 0x0000000709900000, 0x0000000709a00000|  0%| F|  |TS  0|AC  0|TAMS 0x0000000709900000, 0x0000000709900000|
| 154|0x0000000709a00000, 0x0000000709a00000, 0x0000000709b00000|  0%| F|  |TS  0|AC  0|TAMS 0x0000000709a00000, 0x0000000709a00000|
| 155|0x0000000709b00000, 0x0000000709b00000, 0x0000000709c00000|  0%| F|  |TS  0|AC  0|TAMS 0x0000000709b00000, 0x0000000709b00000|
| 156|0x0000000709c00000, 0x0000000709c00000, 0x0000000709d00000|  0%| F|  |TS  0|AC  0|TAMS 0x0000000709c00000, 0x0000000709c00000|
| 157|0x0000000709d00000, 0x0000000709d00000, 0x0000000709e00000|  0%| F|  |TS  0|AC  0|TAMS 0x0000000709d00000, 0x0000000709d00000|
| 158|0x0000000709e00000, 0x0000000709e00000, 0x0000000709f00000|  0%| F|  |TS  0|AC  0|TAMS 0x0000000709e00000, 0x0000000709e00000|
| 159|0x0000000709f00000, 0x0000000709f00000, 0x000000070a000000|  0%| F|  |TS  0|AC  0|TAMS 0x0000000709f00000, 0x0000000709f00000|
| 160|0x000000070a000000, 0x000000070a000000, 0x000000070a100000|  0%| F|  |TS  0|AC  0|TAMS 0x000000070a000000, 0x000000070a000000|
| 161|0x000000070a100000, 0x000000070a100000, 0x000000070a200000|  0%| F|  |TS  0|AC  0|TAMS 0x000000070a100000, 0x000000070a100000|
| 162|0x000000070a200000, 0x000000070a200000, 0x000000070a300000|  0%| F|  |TS  0|AC  0|TAMS 0x000000070a200000, 0x000000070a200000|
| 163|0x000000070a300000, 0x000000070a300000, 0x000000070a400000|  0%| F|  |TS  0|AC  0|TAMS 0x000000070a300000, 0x000000070a300000|
| 164|0x000000070a400000, 0x000000070a400000, 0x000000070a500000|  0%| F|  |TS  0|AC  0|TAMS 0x000000070a400000, 0x000000070a400000|
| 165|0x000000070a500000, 0x000000070a500000, 0x000000070a600000|  0%| F|  |TS  0|AC  0|TAMS 0x000000070a500000, 0x000000070a500000|
| 166|0x000000070a600000, 0x000000070a600000, 0x000000070a700000|  0%| F|  |TS  0|AC  0|TAMS 0x000000070a600000, 0x000000070a600000|
| 167|0x000000070a700000, 0x000000070a700000, 0x000000070a800000|  0%| F|  |TS  0|AC  0|TAMS 0x000000070a700000, 0x000000070a700000|
| 168|0x000000070a800000, 0x000000070a800000, 0x000000070a900000|  0%| F|  |TS  0|AC  0|TAMS 0x000000070a800000, 0x000000070a800000|
| 169|0x000000070a900000, 0x000000070a900000, 0x000000070aa00000|  0%| F|  |TS  0|AC  0|TAMS 0x000000070a900000, 0x000000070a900000|
| 170|0x000000070aa00000, 0x000000070aa00000, 0x000000070ab00000|  0%| F|  |TS  0|AC  0|TAMS 0x000000070aa00000, 0x000000070aa00000|
| 171|0x000000070ab00000, 0x000000070ab00000, 0x000000070ac00000|  0%| F|  |TS  0|AC  0|TAMS 0x000000070ab00000, 0x000000070ab00000|
| 172|0x000000070ac00000, 0x000000070ac00000, 0x000000070ad00000|  0%| F|  |TS  0|AC  0|TAMS 0x000000070ac00000, 0x000000070ac00000|
| 173|0x000000070ad00000, 0x000000070ad00000, 0x000000070ae00000|  0%| F|  |TS  0|AC  0|TAMS 0x000000070ad00000, 0x000000070ad00000|
| 174|0x000000070ae00000, 0x000000070ae00000, 0x000000070af00000|  0%| F|  |TS  0|AC  0|TAMS 0x000000070ae00000, 0x000000070ae00000|
| 175|0x000000070af00000, 0x000000070af00000, 0x000000070b000000|  0%| F|  |TS  0|AC  0|TAMS 0x000000070af00000, 0x000000070af00000|
| 176|0x000000070b000000, 0x000000070b000000, 0x000000070b100000|  0%| F|  |TS  0|AC  0|TAMS 0x000000070b000000, 0x000000070b000000|
| 177|0x000000070b100000, 0x000000070b100000, 0x000000070b200000|  0%| F|  |TS  0|AC  0|TAMS 0x000000070b100000, 0x000000070b100000|
| 178|0x000000070b200000, 0x000000070b200000, 0x000000070b300000|  0%| F|  |TS  0|AC  0|TAMS 0x000000070b200000, 0x000000070b200000|
| 179|0x000000070b300000, 0x000000070b300000, 0x000000070b400000|  0%| F|  |TS  0|AC  0|TAMS 0x000000070b300000, 0x000000070b300000|
| 180|0x000000070b400000, 0x000000070b400000, 0x000000070b500000|  0%| F|  |TS  0|AC  0|TAMS 0x000000070b400000, 0x000000070b400000|
| 181|0x000000070b500000, 0x000000070b500000, 0x000000070b600000|  0%| F|  |TS  0|AC  0|TAMS 0x000000070b500000, 0x000000070b500000|
| 182|0x000000070b600000, 0x000000070b600000, 0x000000070b700000|  0%| F|  |TS  0|AC  0|TAMS 0x000000070b600000, 0x000000070b600000|
| 183|0x000000070b700000, 0x000000070b700000, 0x000000070b800000|  0%| F|  |TS  0|AC  0|TAMS 0x000000070b700000, 0x000000070b700000|
| 184|0x000000070b800000, 0x000000070b800000, 0x000000070b900000|  0%| F|  |TS  0|AC  0|TAMS 0x000000070b800000, 0x000000070b800000|
| 185|0x000000070b900000, 0x000000070b900000, 0x000000070ba00000|  0%| F|  |TS  0|AC  0|TAMS 0x000000070b900000, 0x000000070b900000|
| 186|0x000000070ba00000, 0x000000070ba00000, 0x000000070bb00000|  0%| F|  |TS  0|AC  0|TAMS 0x000000070ba00000, 0x000000070ba00000|
| 187|0x000000070bb00000, 0x000000070bb00000, 0x000000070bc00000|  0%| F|  |TS  0|AC  0|TAMS 0x000000070bb00000, 0x000000070bb00000|
| 188|0x000000070bc00000, 0x000000070bc00000, 0x000000070bd00000|  0%| F|  |TS  0|AC  0|TAMS 0x000000070bc00000, 0x000000070bc00000|
| 189|0x000000070bd00000, 0x000000070bd00000, 0x000000070be00000|  0%| F|  |TS  0|AC  0|TAMS 0x000000070bd00000, 0x000000070bd00000|
| 190|0x000000070be00000, 0x000000070be00000, 0x000000070bf00000|  0%| F|  |TS  0|AC  0|TAMS 0x000000070be00000, 0x000000070be00000|
| 191|0x000000070bf00000, 0x000000070bf00000, 0x000000070c000000|  0%| F|  |TS  0|AC  0|TAMS 0x000000070bf00000, 0x000000070bf00000|
| 192|0x000000070c000000, 0x000000070c000000, 0x000000070c100000|  0%| F|  |TS  0|AC  0|TAMS 0x000000070c000000, 0x000000070c000000|
| 193|0x000000070c100000, 0x000000070c100000, 0x000000070c200000|  0%| F|  |TS  0|AC  0|TAMS 0x000000070c100000, 0x000000070c100000|
| 194|0x000000070c200000, 0x000000070c200000, 0x000000070c300000|  0%| F|  |TS  0|AC  0|TAMS 0x000000070c200000, 0x000000070c200000|
| 195|0x000000070c300000, 0x000000070c300000, 0x000000070c400000|  0%| F|  |TS  0|AC  0|TAMS 0x000000070c300000, 0x000000070c300000|
| 196|0x000000070c400000, 0x000000070c400000, 0x000000070c500000|  0%| F|  |TS  0|AC  0|TAMS 0x000000070c400000, 0x000000070c400000|
| 197|0x000000070c500000, 0x000000070c500000, 0x000000070c600000|  0%| F|  |TS  0|AC  0|TAMS 0x000000070c500000, 0x000000070c500000|
| 198|0x000000070c600000, 0x000000070c600000, 0x000000070c700000|  0%| F|  |TS  0|AC  0|TAMS 0x000000070c600000, 0x000000070c600000|
| 199|0x000000070c700000, 0x000000070c700000, 0x000000070c800000|  0%| F|  |TS  0|AC  0|TAMS 0x000000070c700000, 0x000000070c700000|
| 200|0x000000070c800000, 0x000000070c800000, 0x000000070c900000|  0%| F|  |TS  0|AC  0|TAMS 0x000000070c800000, 0x000000070c800000|
| 201|0x000000070c900000, 0x000000070c900000, 0x000000070ca00000|  0%| F|  |TS  0|AC  0|TAMS 0x000000070c900000, 0x000000070c900000|
| 202|0x000000070ca00000, 0x000000070ca00000, 0x000000070cb00000|  0%| F|  |TS  0|AC  0|TAMS 0x000000070ca00000, 0x000000070ca00000|
| 203|0x000000070cb00000, 0x000000070cb00000, 0x000000070cc00000|  0%| F|  |TS  0|AC  0|TAMS 0x000000070cb00000, 0x000000070cb00000|
| 204|0x000000070cc00000, 0x000000070cc00000, 0x000000070cd00000|  0%| F|  |TS  0|AC  0|TAMS 0x000000070cc00000, 0x000000070cc00000|
| 205|0x000000070cd00000, 0x000000070cd00000, 0x000000070ce00000|  0%| F|  |TS  0|AC  0|TAMS 0x000000070cd00000, 0x000000070cd00000|
| 206|0x000000070ce00000, 0x000000070ce00000, 0x000000070cf00000|  0%| F|  |TS  0|AC  0|TAMS 0x000000070ce00000, 0x000000070ce00000|
| 207|0x000000070cf00000, 0x000000070cf00000, 0x000000070d000000|  0%| F|  |TS  0|AC  0|TAMS 0x000000070cf00000, 0x000000070cf00000|
| 208|0x000000070d000000, 0x000000070d000000, 0x000000070d100000|  0%| F|  |TS  0|AC  0|TAMS 0x000000070d000000, 0x000000070d000000|
| 209|0x000000070d100000, 0x000000070d100000, 0x000000070d200000|  0%| F|  |TS  0|AC  0|TAMS 0x000000070d100000, 0x000000070d100000|
| 210|0x000000070d200000, 0x000000070d200000, 0x000000070d300000|  0%| F|  |TS  0|AC  0|TAMS 0x000000070d200000, 0x000000070d200000|
| 211|0x000000070d300000, 0x000000070d300000, 0x000000070d400000|  0%| F|  |TS  0|AC  0|TAMS 0x000000070d300000, 0x000000070d300000|
| 212|0x000000070d400000, 0x000000070d400000, 0x000000070d500000|  0%| F|  |TS  0|AC  0|TAMS 0x000000070d400000, 0x000000070d400000|
| 213|0x000000070d500000, 0x000000070d500000, 0x000000070d600000|  0%| F|  |TS  0|AC  0|TAMS 0x000000070d500000, 0x000000070d500000|
| 214|0x000000070d600000, 0x000000070d600000, 0x000000070d700000|  0%| F|  |TS  0|AC  0|TAMS 0x000000070d600000, 0x000000070d600000|
| 215|0x000000070d700000, 0x000000070d700000, 0x000000070d800000|  0%| F|  |TS  0|AC  0|TAMS 0x000000070d700000, 0x000000070d700000|
| 216|0x000000070d800000, 0x000000070d800000, 0x000000070d900000|  0%| F|  |TS  0|AC  0|TAMS 0x000000070d800000, 0x000000070d800000|
| 217|0x000000070d900000, 0x000000070d900000, 0x000000070da00000|  0%| F|  |TS  0|AC  0|TAMS 0x000000070d900000, 0x000000070d900000|
| 218|0x000000070da00000, 0x000000070da00000, 0x000000070db00000|  0%| F|  |TS  0|AC  0|TAMS 0x000000070da00000, 0x000000070da00000|
| 219|0x000000070db00000, 0x000000070db00000, 0x000000070dc00000|  0%| F|  |TS  0|AC  0|TAMS 0x000000070db00000, 0x000000070db00000|
| 220|0x000000070dc00000, 0x000000070dc00000, 0x000000070dd00000|  0%| F|  |TS  0|AC  0|TAMS 0x000000070dc00000, 0x000000070dc00000|
| 221|0x000000070dd00000, 0x000000070dd00000, 0x000000070de00000|  0%| F|  |TS  0|AC  0|TAMS 0x000000070dd00000, 0x000000070dd00000|
| 222|0x000000070de00000, 0x000000070de00000, 0x000000070df00000|  0%| F|  |TS  0|AC  0|TAMS 0x000000070de00000, 0x000000070de00000|
| 223|0x000000070df00000, 0x000000070df00000, 0x000000070e000000|  0%| F|  |TS  0|AC  0|TAMS 0x000000070df00000, 0x000000070df00000|
| 224|0x000000070e000000, 0x000000070e000000, 0x000000070e100000|  0%| F|  |TS  0|AC  0|TAMS 0x000000070e000000, 0x000000070e000000|
| 225|0x000000070e100000, 0x000000070e100000, 0x000000070e200000|  0%| F|  |TS  0|AC  0|TAMS 0x000000070e100000, 0x000000070e100000|
| 226|0x000000070e200000, 0x000000070e200000, 0x000000070e300000|  0%| F|  |TS  0|AC  0|TAMS 0x000000070e200000, 0x000000070e200000|
| 227|0x000000070e300000, 0x000000070e300000, 0x000000070e400000|  0%| F|  |TS  0|AC  0|TAMS 0x000000070e300000, 0x000000070e300000|
| 228|0x000000070e400000, 0x000000070e400000, 0x000000070e500000|  0%| F|  |TS  0|AC  0|TAMS 0x000000070e400000, 0x000000070e400000|
| 229|0x000000070e500000, 0x000000070e500000, 0x000000070e600000|  0%| F|  |TS  0|AC  0|TAMS 0x000000070e500000, 0x000000070e500000|
| 230|0x000000070e600000, 0x000000070e600000, 0x000000070e700000|  0%| F|  |TS  0|AC  0|TAMS 0x000000070e600000, 0x000000070e600000|
| 231|0x000000070e700000, 0x000000070e700000, 0x000000070e800000|  0%| F|  |TS  0|AC  0|TAMS 0x000000070e700000, 0x000000070e700000|
| 232|0x000000070e800000, 0x000000070e800000, 0x000000070e900000|  0%| F|  |TS  0|AC  0|TAMS 0x000000070e800000, 0x000000070e800000|
| 233|0x000000070e900000, 0x000000070e900000, 0x000000070ea00000|  0%| F|  |TS  0|AC  0|TAMS 0x000000070e900000, 0x000000070e900000|
| 234|0x000000070ea00000, 0x000000070ea00000, 0x000000070eb00000|  0%| F|  |TS  0|AC  0|TAMS 0x000000070ea00000, 0x000000070ea00000|
| 235|0x000000070eb00000, 0x000000070eb00000, 0x000000070ec00000|  0%| F|  |TS  0|AC  0|TAMS 0x000000070eb00000, 0x000000070eb00000|
| 236|0x000000070ec00000, 0x000000070ec00000, 0x000000070ed00000|  0%| F|  |TS  0|AC  0|TAMS 0x000000070ec00000, 0x000000070ec00000|
| 237|0x000000070ed00000, 0x000000070ed00000, 0x000000070ee00000|  0%| F|  |TS  0|AC  0|TAMS 0x000000070ed00000, 0x000000070ed00000|
| 238|0x000000070ee00000, 0x000000070ee00000, 0x000000070ef00000|  0%| F|  |TS  0|AC  0|TAMS 0x000000070ee00000, 0x000000070ee00000|
| 239|0x000000070ef00000, 0x000000070ef00000, 0x000000070f000000|  0%| F|  |TS  0|AC  0|TAMS 0x000000070ef00000, 0x000000070ef00000|
| 240|0x000000070f000000, 0x000000070f000000, 0x000000070f100000|  0%| F|  |TS  0|AC  0|TAMS 0x000000070f000000, 0x000000070f000000|
| 241|0x000000070f100000, 0x000000070f100000, 0x000000070f200000|  0%| F|  |TS  0|AC  0|TAMS 0x000000070f100000, 0x000000070f100000|
| 242|0x000000070f200000, 0x000000070f200000, 0x000000070f300000|  0%| F|  |TS  0|AC  0|TAMS 0x000000070f200000, 0x000000070f200000|
| 243|0x000000070f300000, 0x000000070f300000, 0x000000070f400000|  0%| F|  |TS  0|AC  0|TAMS 0x000000070f300000, 0x000000070f300000|
| 244|0x000000070f400000, 0x000000070f400000, 0x000000070f500000|  0%| F|  |TS  0|AC  0|TAMS 0x000000070f400000, 0x000000070f400000|
| 245|0x000000070f500000, 0x000000070f500000, 0x000000070f600000|  0%| F|  |TS  0|AC  0|TAMS 0x000000070f500000, 0x000000070f500000|
| 246|0x000000070f600000, 0x000000070f600000, 0x000000070f700000|  0%| F|  |TS  0|AC  0|TAMS 0x000000070f600000, 0x000000070f600000|
| 247|0x000000070f700000, 0x000000070f700000, 0x000000070f800000|  0%| F|  |TS  0|AC  0|TAMS 0x000000070f700000, 0x000000070f700000|
| 248|0x000000070f800000, 0x000000070f800000, 0x000000070f900000|  0%| F|  |TS  0|AC  0|TAMS 0x000000070f800000, 0x000000070f800000|
| 249|0x000000070f900000, 0x000000070f900000, 0x000000070fa00000|  0%| F|  |TS  0|AC  0|TAMS 0x000000070f900000, 0x000000070f900000|
| 250|0x000000070fa00000, 0x000000070fa00000, 0x000000070fb00000|  0%| F|  |TS  0|AC  0|TAMS 0x000000070fa00000, 0x000000070fa00000|
| 251|0x000000070fb00000, 0x000000070fb00000, 0x000000070fc00000|  0%| F|  |TS  0|AC  0|TAMS 0x000000070fb00000, 0x000000070fb00000|
| 252|0x000000070fc00000, 0x000000070fc00000, 0x000000070fd00000|  0%| F|  |TS  0|AC  0|TAMS 0x000000070fc00000, 0x000000070fc00000|
| 253|0x000000070fd00000, 0x000000070fd00000, 0x000000070fe00000|  0%| F|  |TS  0|AC  0|TAMS 0x000000070fd00000, 0x000000070fd00000|
| 254|0x000000070fe00000, 0x000000070fe00000, 0x000000070ff00000|  0%| F|  |TS  0|AC  0|TAMS 0x000000070fe00000, 0x000000070fe00000|
| 255|0x000000070ff00000, 0x000000070ff00000, 0x0000000710000000|  0%| F|  |TS  0|AC  0|TAMS 0x000000070ff00000, 0x000000070ff00000|
| 256|0x0000000710000000, 0x0000000710000000, 0x0000000710100000|  0%| F|  |TS  0|AC  0|TAMS 0x0000000710000000, 0x0000000710000000|
| 257|0x0000000710100000, 0x0000000710100000, 0x0000000710200000|  0%| F|  |TS  0|AC  0|TAMS 0x0000000710100000, 0x0000000710100000|
| 258|0x0000000710200000, 0x0000000710200000, 0x0000000710300000|  0%| F|  |TS  0|AC  0|TAMS 0x0000000710200000, 0x0000000710200000|
| 259|0x0000000710300000, 0x0000000710300000, 0x0000000710400000|  0%| F|  |TS  0|AC  0|TAMS 0x0000000710300000, 0x0000000710300000|
| 260|0x0000000710400000, 0x0000000710400000, 0x0000000710500000|  0%| F|  |TS  0|AC  0|TAMS 0x0000000710400000, 0x0000000710400000|
| 261|0x0000000710500000, 0x0000000710500000, 0x0000000710600000|  0%| F|  |TS  0|AC  0|TAMS 0x0000000710500000, 0x0000000710500000|
| 262|0x0000000710600000, 0x0000000710600000, 0x0000000710700000|  0%| F|  |TS  0|AC  0|TAMS 0x0000000710600000, 0x0000000710600000|
| 263|0x0000000710700000, 0x0000000710700000, 0x0000000710800000|  0%| F|  |TS  0|AC  0|TAMS 0x0000000710700000, 0x0000000710700000|
| 264|0x0000000710800000, 0x0000000710800000, 0x0000000710900000|  0%| F|  |TS  0|AC  0|TAMS 0x0000000710800000, 0x0000000710800000|
| 265|0x0000000710900000, 0x0000000710900000, 0x0000000710a00000|  0%| F|  |TS  0|AC  0|TAMS 0x0000000710900000, 0x0000000710900000|
| 266|0x0000000710a00000, 0x0000000710a00000, 0x0000000710b00000|  0%| F|  |TS  0|AC  0|TAMS 0x0000000710a00000, 0x0000000710a00000|
| 267|0x0000000710b00000, 0x0000000710b00000, 0x0000000710c00000|  0%| F|  |TS  0|AC  0|TAMS 0x0000000710b00000, 0x0000000710b00000|
| 268|0x0000000710c00000, 0x0000000710c00000, 0x0000000710d00000|  0%| F|  |TS  0|AC  0|TAMS 0x0000000710c00000, 0x0000000710c00000|
| 269|0x0000000710d00000, 0x0000000710d00000, 0x0000000710e00000|  0%| F|  |TS  0|AC  0|TAMS 0x0000000710d00000, 0x0000000710d00000|
| 270|0x0000000710e00000, 0x0000000710e00000, 0x0000000710f00000|  0%| F|  |TS  0|AC  0|TAMS 0x0000000710e00000, 0x0000000710e00000|
| 271|0x0000000710f00000, 0x0000000710f00000, 0x0000000711000000|  0%| F|  |TS  0|AC  0|TAMS 0x0000000710f00000, 0x0000000710f00000|
| 272|0x0000000711000000, 0x0000000711000000, 0x0000000711100000|  0%| F|  |TS  0|AC  0|TAMS 0x0000000711000000, 0x0000000711000000|
| 273|0x0000000711100000, 0x0000000711100000, 0x0000000711200000|  0%| F|  |TS  0|AC  0|TAMS 0x0000000711100000, 0x0000000711100000|
| 274|0x0000000711200000, 0x0000000711200000, 0x0000000711300000|  0%| F|  |TS  0|AC  0|TAMS 0x0000000711200000, 0x0000000711200000|
| 275|0x0000000711300000, 0x0000000711300000, 0x0000000711400000|  0%| F|  |TS  0|AC  0|TAMS 0x0000000711300000, 0x0000000711300000|
| 276|0x0000000711400000, 0x0000000711400000, 0x0000000711500000|  0%| F|  |TS  0|AC  0|TAMS 0x0000000711400000, 0x0000000711400000|
| 277|0x0000000711500000, 0x0000000711500000, 0x0000000711600000|  0%| F|  |TS  0|AC  0|TAMS 0x0000000711500000, 0x0000000711500000|
| 278|0x0000000711600000, 0x0000000711600000, 0x0000000711700000|  0%| F|  |TS  0|AC  0|TAMS 0x0000000711600000, 0x0000000711600000|
| 279|0x0000000711700000, 0x0000000711700000, 0x0000000711800000|  0%| F|  |TS  0|AC  0|TAMS 0x0000000711700000, 0x0000000711700000|
| 280|0x0000000711800000, 0x0000000711800000, 0x0000000711900000|  0%| F|  |TS  0|AC  0|TAMS 0x0000000711800000, 0x0000000711800000|
| 281|0x0000000711900000, 0x0000000711900000, 0x0000000711a00000|  0%| F|  |TS  0|AC  0|TAMS 0x0000000711900000, 0x0000000711900000|
| 282|0x0000000711a00000, 0x0000000711a00000, 0x0000000711b00000|  0%| F|  |TS  0|AC  0|TAMS 0x0000000711a00000, 0x0000000711a00000|
| 283|0x0000000711b00000, 0x0000000711b00000, 0x0000000711c00000|  0%| F|  |TS  0|AC  0|TAMS 0x0000000711b00000, 0x0000000711b00000|
| 284|0x0000000711c00000, 0x0000000711c00000, 0x0000000711d00000|  0%| F|  |TS  0|AC  0|TAMS 0x0000000711c00000, 0x0000000711c00000|
| 285|0x0000000711d00000, 0x0000000711d00000, 0x0000000711e00000|  0%| F|  |TS  0|AC  0|TAMS 0x0000000711d00000, 0x0000000711d00000|
| 286|0x0000000711e00000, 0x0000000711e00000, 0x0000000711f00000|  0%| F|  |TS  0|AC  0|TAMS 0x0000000711e00000, 0x0000000711e00000|
| 287|0x0000000711f00000, 0x0000000711f00000, 0x0000000712000000|  0%| F|  |TS  0|AC  0|TAMS 0x0000000711f00000, 0x0000000711f00000|
| 288|0x0000000712000000, 0x0000000712000000, 0x0000000712100000|  0%| F|  |TS  3|AC  0|TAMS 0x0000000712000000, 0x0000000712000000|
| 289|0x0000000712100000, 0x0000000712173cc0, 0x0000000712200000| 45%| S|CS|TS  3|AC  0|TAMS 0x0000000712100000, 0x0000000712100000|
| 290|0x0000000712200000, 0x0000000712200000, 0x0000000712300000|  0%| F|  |TS  3|AC  0|TAMS 0x0000000712200000, 0x0000000712200000|
| 291|0x0000000712300000, 0x0000000712300000, 0x0000000712400000|  0%| F|  |TS  3|AC  0|TAMS 0x0000000712300000, 0x0000000712300000|
| 292|0x0000000712400000, 0x0000000712400000, 0x0000000712500000|  0%| F|  |TS  3|AC  0|TAMS 0x0000000712400000, 0x0000000712400000|
| 293|0x0000000712500000, 0x00000007125c44f8, 0x0000000712600000| 76%| E|  |TS  3|AC  0|TAMS 0x0000000712500000, 0x0000000712500000|
| 294|0x0000000712600000, 0x0000000712700000, 0x0000000712700000|100%| E|CS|TS  3|AC  0|TAMS 0x0000000712600000, 0x0000000712600000|
| 295|0x0000000712700000, 0x0000000712800000, 0x0000000712800000|100%| E|CS|TS  3|AC  0|TAMS 0x0000000712700000, 0x0000000712700000|
| 296|0x0000000712800000, 0x0000000712900000, 0x0000000712900000|100%| E|CS|TS  3|AC  0|TAMS 0x0000000712800000, 0x0000000712800000|
| 297|0x0000000712900000, 0x0000000712a00000, 0x0000000712a00000|100%| E|CS|TS  3|AC  0|TAMS 0x0000000712900000, 0x0000000712900000|
| 298|0x0000000712a00000, 0x0000000712b00000, 0x0000000712b00000|100%| E|CS|TS  3|AC  0|TAMS 0x0000000712a00000, 0x0000000712a00000|
| 299|0x0000000712b00000, 0x0000000712c00000, 0x0000000712c00000|100%| E|CS|TS  3|AC  0|TAMS 0x0000000712b00000, 0x0000000712b00000|
| 300|0x0000000712c00000, 0x0000000712d00000, 0x0000000712d00000|100%| E|CS|TS  3|AC  0|TAMS 0x0000000712c00000, 0x0000000712c00000|
| 301|0x0000000712d00000, 0x0000000712e00000, 0x0000000712e00000|100%| E|CS|TS  3|AC  0|TAMS 0x0000000712d00000, 0x0000000712d00000|
| 302|0x0000000712e00000, 0x0000000712f00000, 0x0000000712f00000|100%| E|CS|TS  3|AC  0|TAMS 0x0000000712e00000, 0x0000000712e00000|
| 303|0x0000000712f00000, 0x0000000713000000, 0x0000000713000000|100%| E|CS|TS  3|AC  0|TAMS 0x0000000712f00000, 0x0000000712f00000|
| 304|0x0000000713000000, 0x0000000713100000, 0x0000000713100000|100%| E|CS|TS  3|AC  0|TAMS 0x0000000713000000, 0x0000000713000000|
| 305|0x0000000713100000, 0x0000000713200000, 0x0000000713200000|100%| E|CS|TS  3|AC  0|TAMS 0x0000000713100000, 0x0000000713100000|
| 306|0x0000000713200000, 0x0000000713300000, 0x0000000713300000|100%| E|CS|TS  3|AC  0|TAMS 0x0000000713200000, 0x0000000713200000|
| 307|0x0000000713300000, 0x0000000713400000, 0x0000000713400000|100%| E|CS|TS  3|AC  0|TAMS 0x0000000713300000, 0x0000000713300000|
| 308|0x0000000713400000, 0x0000000713500000, 0x0000000713500000|100%| E|CS|TS  3|AC  0|TAMS 0x0000000713400000, 0x0000000713400000|
| 309|0x0000000713500000, 0x0000000713600000, 0x0000000713600000|100%| E|CS|TS  3|AC  0|TAMS 0x0000000713500000, 0x0000000713500000|
| 310|0x0000000713600000, 0x0000000713700000, 0x0000000713700000|100%| E|CS|TS  3|AC  0|TAMS 0x0000000713600000, 0x0000000713600000|
| 311|0x0000000713700000, 0x0000000713800000, 0x0000000713800000|100%| E|CS|TS  3|AC  0|TAMS 0x0000000713700000, 0x0000000713700000|
| 312|0x0000000713800000, 0x0000000713900000, 0x0000000713900000|100%| E|CS|TS  3|AC  0|TAMS 0x0000000713800000, 0x0000000713800000|
| 313|0x0000000713900000, 0x0000000713a00000, 0x0000000713a00000|100%| E|CS|TS  3|AC  0|TAMS 0x0000000713900000, 0x0000000713900000|
| 314|0x0000000713a00000, 0x0000000713b00000, 0x0000000713b00000|100%| E|CS|TS  3|AC  0|TAMS 0x0000000713a00000, 0x0000000713a00000|
| 315|0x0000000713b00000, 0x0000000713c00000, 0x0000000713c00000|100%| E|CS|TS  3|AC  0|TAMS 0x0000000713b00000, 0x0000000713b00000|
| 316|0x0000000713c00000, 0x0000000713d00000, 0x0000000713d00000|100%| E|CS|TS  3|AC  0|TAMS 0x0000000713c00000, 0x0000000713c00000|
| 317|0x0000000713d00000, 0x0000000713e00000, 0x0000000713e00000|100%| E|CS|TS  3|AC  0|TAMS 0x0000000713d00000, 0x0000000713d00000|
| 318|0x0000000713e00000, 0x0000000713f00000, 0x0000000713f00000|100%| E|CS|TS  3|AC  0|TAMS 0x0000000713e00000, 0x0000000713e00000|
| 319|0x0000000713f00000, 0x0000000714000000, 0x0000000714000000|100%| E|CS|TS  3|AC  0|TAMS 0x0000000713f00000, 0x0000000713f00000|
| 320|0x0000000714000000, 0x0000000714100000, 0x0000000714100000|100%| E|CS|TS  3|AC  0|TAMS 0x0000000714000000, 0x0000000714000000|
| 321|0x0000000714100000, 0x0000000714200000, 0x0000000714200000|100%| E|CS|TS  3|AC  0|TAMS 0x0000000714100000, 0x0000000714100000|
| 322|0x0000000714200000, 0x0000000714300000, 0x0000000714300000|100%| E|CS|TS  3|AC  0|TAMS 0x0000000714200000, 0x0000000714200000|
| 323|0x0000000714300000, 0x0000000714400000, 0x0000000714400000|100%| E|CS|TS  3|AC  0|TAMS 0x0000000714300000, 0x0000000714300000|
| 324|0x0000000714400000, 0x0000000714500000, 0x0000000714500000|100%| E|CS|TS  3|AC  0|TAMS 0x0000000714400000, 0x0000000714400000|
| 325|0x0000000714500000, 0x0000000714600000, 0x0000000714600000|100%| E|CS|TS  3|AC  0|TAMS 0x0000000714500000, 0x0000000714500000|
| 326|0x0000000714600000, 0x0000000714700000, 0x0000000714700000|100%| E|CS|TS  3|AC  0|TAMS 0x0000000714600000, 0x0000000714600000|
| 327|0x0000000714700000, 0x0000000714800000, 0x0000000714800000|100%| E|CS|TS  3|AC  0|TAMS 0x0000000714700000, 0x0000000714700000|
| 328|0x0000000714800000, 0x0000000714900000, 0x0000000714900000|100%| E|CS|TS  3|AC  0|TAMS 0x0000000714800000, 0x0000000714800000|
| 329|0x0000000714900000, 0x0000000714a00000, 0x0000000714a00000|100%| E|CS|TS  3|AC  0|TAMS 0x0000000714900000, 0x0000000714900000|
| 330|0x0000000714a00000, 0x0000000714b00000, 0x0000000714b00000|100%| E|CS|TS  3|AC  0|TAMS 0x0000000714a00000, 0x0000000714a00000|
| 331|0x0000000714b00000, 0x0000000714c00000, 0x0000000714c00000|100%| E|CS|TS  3|AC  0|TAMS 0x0000000714b00000, 0x0000000714b00000|
| 332|0x0000000714c00000, 0x0000000714d00000, 0x0000000714d00000|100%| E|CS|TS  3|AC  0|TAMS 0x0000000714c00000, 0x0000000714c00000|
| 333|0x0000000714d00000, 0x0000000714e00000, 0x0000000714e00000|100%| E|CS|TS  3|AC  0|TAMS 0x0000000714d00000, 0x0000000714d00000|
| 334|0x0000000714e00000, 0x0000000714f00000, 0x0000000714f00000|100%| E|CS|TS  3|AC  0|TAMS 0x0000000714e00000, 0x0000000714e00000|
| 335|0x0000000714f00000, 0x0000000715000000, 0x0000000715000000|100%| E|CS|TS  3|AC  0|TAMS 0x0000000714f00000, 0x0000000714f00000|
| 336|0x0000000715000000, 0x0000000715100000, 0x0000000715100000|100%| E|CS|TS  3|AC  0|TAMS 0x0000000715000000, 0x0000000715000000|
| 337|0x0000000715100000, 0x0000000715200000, 0x0000000715200000|100%| E|CS|TS  3|AC  0|TAMS 0x0000000715100000, 0x0000000715100000|
| 338|0x0000000715200000, 0x0000000715300000, 0x0000000715300000|100%| E|CS|TS  3|AC  0|TAMS 0x0000000715200000, 0x0000000715200000|
| 339|0x0000000715300000, 0x0000000715400000, 0x0000000715400000|100%| E|CS|TS  3|AC  0|TAMS 0x0000000715300000, 0x0000000715300000|
| 340|0x0000000715400000, 0x0000000715500000, 0x0000000715500000|100%| E|CS|TS  3|AC  0|TAMS 0x0000000715400000, 0x0000000715400000|
| 341|0x0000000715500000, 0x0000000715600000, 0x0000000715600000|100%| E|CS|TS  3|AC  0|TAMS 0x0000000715500000, 0x0000000715500000|
| 342|0x0000000715600000, 0x0000000715700000, 0x0000000715700000|100%| E|CS|TS  3|AC  0|TAMS 0x0000000715600000, 0x0000000715600000|
| 343|0x0000000715700000, 0x0000000715800000, 0x0000000715800000|100%| E|CS|TS  3|AC  0|TAMS 0x0000000715700000, 0x0000000715700000|
| 344|0x0000000715800000, 0x0000000715900000, 0x0000000715900000|100%| E|CS|TS  3|AC  0|TAMS 0x0000000715800000, 0x0000000715800000|
| 345|0x0000000715900000, 0x0000000715a00000, 0x0000000715a00000|100%| E|CS|TS  3|AC  0|TAMS 0x0000000715900000, 0x0000000715900000|
| 346|0x0000000715a00000, 0x0000000715b00000, 0x0000000715b00000|100%| E|CS|TS  3|AC  0|TAMS 0x0000000715a00000, 0x0000000715a00000|
| 347|0x0000000715b00000, 0x0000000715c00000, 0x0000000715c00000|100%| E|CS|TS  3|AC  0|TAMS 0x0000000715b00000, 0x0000000715b00000|
| 348|0x0000000715c00000, 0x0000000715d00000, 0x0000000715d00000|100%| E|CS|TS  3|AC  0|TAMS 0x0000000715c00000, 0x0000000715c00000|

Card table byte_map: [0x000002bec0e70000,0x000002bec1470000] byte_map_base: 0x000002bebd670000

Marking Bits (Prev, Next): (CMBitMap*) 0x000002bea54b68c0, (CMBitMap*) 0x000002bea54b68f8
 Prev Bits: [0x000002bec1a70000, 0x000002bec4a70000)
 Next Bits: [0x000002bec4a70000, 0x000002bec7a70000)

Polling page: 0x000002be9f9e0000

CodeHeap 'non-profiled nmethods': size=119168Kb used=29852Kb max_used=29852Kb free=89315Kb
 bounds [0x000002beb9410000, 0x000002bebb140000, 0x000002bec0870000]
CodeHeap 'profiled nmethods': size=119168Kb used=55891Kb max_used=55891Kb free=63276Kb
 bounds [0x000002beb1fb0000, 0x000002beb56a0000, 0x000002beb9410000]
CodeHeap 'non-nmethods': size=7424Kb used=3582Kb max_used=3646Kb free=3841Kb
 bounds [0x000002beb1870000, 0x000002beb1c10000, 0x000002beb1fb0000]
 total_blobs=46968 nmethods=23143 adapters=1270
 compilation: enabled

Compilation events (10 events):
Event: 23135.507 Thread 0x000002bea4aca000 31257       3       ui.views.O.c.a::gyW (8 bytes)
Event: 23135.508 Thread 0x000002bea4aca000 nmethod 31257 0x000002beb569c890 code [0x000002beb569ca40, 0x000002beb569cbd0]
Event: 23136.219 Thread 0x000002bea4ac9800 31258       3       javax.swing.plaf.basic.BasicProgressBarUI::getHandler (25 bytes)
Event: 23136.220 Thread 0x000002bea4ac9800 nmethod 31258 0x000002beb569cc90 code [0x000002beb569ce60, 0x000002beb569d238]
Event: 23136.229 Thread 0x000002bea4ad0000 31259       1       jdk.internal.misc.Unsafe::weakCompareAndSetInt (11 bytes)
Event: 23136.229 Thread 0x000002bea4ad0000 nmethod 31259 0x000002bebb13e090 code [0x000002bebb13e240, 0x000002bebb13e378]
Event: 23136.254 Thread 0x000002bea4ac6800 31260       4       com.jidesoft.grid.TableModelWrapperImpl::createCompoundTableModelEvent (19 bytes)
Event: 23136.256 Thread 0x000002bea4ac6800 nmethod 31260 0x000002bebb13e410 code [0x000002bebb13e5a0, 0x000002bebb13e718]
Event: 23137.046 Thread 0x000002bea4acf800 31261       3       java.awt.Rectangle::setRect (135 bytes)
Event: 23137.046 Thread 0x000002bea4acf800 nmethod 31261 0x000002beb569d390 code [0x000002beb569d5c0, 0x000002beb569dc40]

GC Heap History (10 events):
Event: 23129.548 GC heap before
{Heap before GC invocations=861 (full 85):
 garbage-first heap   total 357376K, used 186970K [0x0000000700000000, 0x0000000700100ae8, 0x00000007c0000000)
  region size 1024K, 60 young (61440K), 2 survivors (2048K)
 Metaspace       used 101523K, capacity 103921K, committed 108288K, reserved 1142784K
  class space    used 13903K, capacity 14399K, committed 15360K, reserved 1048576K
}
Event: 23129.550 GC heap after
{Heap after GC invocations=862 (full 85):
 garbage-first heap   total 357376K, used 127229K [0x0000000700000000, 0x0000000700100ae8, 0x00000007c0000000)
  region size 1024K, 2 young (2048K), 2 survivors (2048K)
 Metaspace       used 101523K, capacity 103921K, committed 108288K, reserved 1142784K
  class space    used 13903K, capacity 14399K, committed 15360K, reserved 1048576K
}
Event: 23130.062 GC heap before
{Heap before GC invocations=862 (full 85):
 garbage-first heap   total 357376K, used 145661K [0x0000000700000000, 0x0000000700100ae8, 0x00000007c0000000)
  region size 1024K, 21 young (21504K), 2 survivors (2048K)
 Metaspace       used 101523K, capacity 103921K, committed 108288K, reserved 1142784K
  class space    used 13903K, capacity 14399K, committed 15360K, reserved 1048576K
}
Event: 23130.292 GC heap after
{Heap after GC invocations=863 (full 86):
 garbage-first heap   total 357376K, used 117233K [0x0000000700000000, 0x0000000700100ae8, 0x00000007c0000000)
  region size 1024K, 0 young (0K), 0 survivors (0K)
 Metaspace       used 101523K, capacity 103921K, committed 108288K, reserved 1142784K
  class space    used 13903K, capacity 14399K, committed 15360K, reserved 1048576K
}
Event: 23133.307 GC heap before
{Heap before GC invocations=863 (full 86):
 garbage-first heap   total 357376K, used 151025K [0x0000000700000000, 0x0000000700100ae8, 0x00000007c0000000)
  region size 1024K, 28 young (28672K), 0 survivors (0K)
 Metaspace       used 101524K, capacity 103921K, committed 108288K, reserved 1142784K
  class space    used 13903K, capacity 14399K, committed 15360K, reserved 1048576K
}
Event: 23133.524 GC heap after
{Heap after GC invocations=864 (full 87):
 garbage-first heap   total 357376K, used 117411K [0x0000000700000000, 0x0000000700100ae8, 0x00000007c0000000)
  region size 1024K, 0 young (0K), 0 survivors (0K)
 Metaspace       used 101524K, capacity 103921K, committed 108288K, reserved 1142784K
  class space    used 13903K, capacity 14399K, committed 15360K, reserved 1048576K
}
Event: 23135.303 GC heap before
{Heap before GC invocations=864 (full 87):
 garbage-first heap   total 357376K, used 181923K [0x0000000700000000, 0x0000000700100ae8, 0x00000007c0000000)
  region size 1024K, 60 young (61440K), 0 survivors (0K)
 Metaspace       used 101525K, capacity 103921K, committed 108288K, reserved 1142784K
  class space    used 13903K, capacity 14399K, committed 15360K, reserved 1048576K
}
Event: 23135.306 GC heap after
{Heap after GC invocations=865 (full 87):
 garbage-first heap   total 357376K, used 121134K [0x0000000700000000, 0x0000000700100ae8, 0x00000007c0000000)
  region size 1024K, 1 young (1024K), 1 survivors (1024K)
 Metaspace       used 101525K, capacity 103921K, committed 108288K, reserved 1142784K
  class space    used 13903K, capacity 14399K, committed 15360K, reserved 1048576K
}
Event: 23135.468 GC heap before
{Heap before GC invocations=865 (full 87):
 garbage-first heap   total 357376K, used 184622K [0x0000000700000000, 0x0000000700100ae8, 0x00000007c0000000)
  region size 1024K, 60 young (61440K), 1 survivors (1024K)
 Metaspace       used 101525K, capacity 103921K, committed 108288K, reserved 1142784K
  class space    used 13903K, capacity 14399K, committed 15360K, reserved 1048576K
}
Event: 23135.470 GC heap after
{Heap after GC invocations=866 (full 87):
 garbage-first heap   total 357376K, used 124019K [0x0000000700000000, 0x0000000700100ae8, 0x00000007c0000000)
  region size 1024K, 1 young (1024K), 1 survivors (1024K)
 Metaspace       used 101525K, capacity 103921K, committed 108288K, reserved 1142784K
  class space    used 13903K, capacity 14399K, committed 15360K, reserved 1048576K
}

Deoptimization events (10 events):
Event: 22765.297 Thread 0x000002beaac58800 Uncommon trap: reason=class_check action=maybe_recompile pc=0x000002beba01f75c method=javax.swing.plaf.synth.SynthBorder.getBorderInsets(Ljava/awt/Component;Ljava/awt/Insets;)Ljava/awt/Insets; @ 305 c2
Event: 22765.308 Thread 0x000002beaac58800 Uncommon trap: reason=class_check action=maybe_recompile pc=0x000002beba57087c method=ui.utils.p.b.E.ga()V @ 68 c2
Event: 22765.387 Thread 0x000002beaac58800 Uncommon trap: reason=unstable_if action=reinterpret pc=0x000002bebade4428 method=ui.frmwork.c.i.paintComponent(Ljava/awt/Graphics;)V @ 67 c2
Event: 22765.673 Thread 0x000002bea312e800 Uncommon trap: reason=unstable_if action=reinterpret pc=0x000002beb9b07a28 method=ui.data.common.N.finalize()V @ 6 c2
Event: 22776.113 Thread 0x000002beaac58800 Uncommon trap: reason=class_check action=maybe_recompile pc=0x000002beba976c18 method=com.jidesoft.swing.JideSwingUtilities.getButtonState(Ljavax/swing/AbstractButton;)I @ 37 c2
Event: 22776.113 Thread 0x000002beaac58800 Uncommon trap: reason=class_check action=maybe_recompile pc=0x000002bebaaab8c0 method=com.jidesoft.plaf.basic.BasicJideButtonUI.getIcon(Ljavax/swing/AbstractButton;)Ljavax/swing/Icon; @ 91 c2
Event: 22907.315 Thread 0x000002beaac58800 Uncommon trap: reason=bimorphic_or_optimized_type_check action=maybe_recompile pc=0x000002beba203b3c method=javax.swing.undo.UndoManager.addEdit(Ljavax/swing/undo/UndoableEdit;)Z @ 14 c2
Event: 23135.374 Thread 0x000002beaac58800 Uncommon trap: reason=class_check action=maybe_recompile pc=0x000002beba5a8568 method=ui.views.waveform.executive.protobuf.WVTree$WVTreeNode.getColumnValuesCount()I @ 4 c2
Event: 23135.374 Thread 0x000002beaac58800 Uncommon trap: reason=class_check action=maybe_recompile pc=0x000002beba5a8568 method=ui.views.waveform.executive.protobuf.WVTree$WVTreeNode.getColumnValuesCount()I @ 4 c2
Event: 23135.595 Thread 0x000002beaac58800 Uncommon trap: reason=unstable_if action=reinterpret pc=0x000002bebaaf5778 method=java.awt.Rectangle.setRect(DDDD)V @ 29 c2

Classes redefined (0 events):
No events

Internal exceptions (10 events):
Event: 22907.192 Thread 0x000002beaac58800 Exception <a 'java/io/FileNotFoundException'{0x00000007126c8d48}> (0x00000007126c8d48) thrown at [t:/workspace/hotspot/src/share/vm/prims/jni.cpp, line 604]
Event: 22907.488 Thread 0x000002beaac58800 Exception <a 'java/io/FileNotFoundException'{0x0000000714cdff70}> (0x0000000714cdff70) thrown at [t:/workspace/hotspot/src/share/vm/prims/jni.cpp, line 604]
Event: 22907.488 Thread 0x000002beaac58800 Exception <a 'java/io/FileNotFoundException'{0x0000000714ce0dd8}> (0x0000000714ce0dd8) thrown at [t:/workspace/hotspot/src/share/vm/prims/jni.cpp, line 604]
Event: 22907.526 Thread 0x000002beaac58800 Exception <a 'java/io/FileNotFoundException'{0x0000000714b6b478}> (0x0000000714b6b478) thrown at [t:/workspace/hotspot/src/share/vm/prims/jni.cpp, line 604]
Event: 22907.527 Thread 0x000002beaac58800 Exception <a 'java/io/FileNotFoundException'{0x0000000714b6c300}> (0x0000000714b6c300) thrown at [t:/workspace/hotspot/src/share/vm/prims/jni.cpp, line 604]
Event: 22912.527 Thread 0x000002beaac58800 Exception <a 'java/io/FileNotFoundException'{0x000000071448e368}> (0x000000071448e368) thrown at [t:/workspace/hotspot/src/share/vm/prims/jni.cpp, line 604]
Event: 22917.528 Thread 0x000002beaac58800 Exception <a 'java/io/FileNotFoundException'{0x0000000714078108}> (0x0000000714078108) thrown at [t:/workspace/hotspot/src/share/vm/prims/jni.cpp, line 604]
Event: 22922.529 Thread 0x000002beaac58800 Exception <a 'java/io/FileNotFoundException'{0x0000000713b784c8}> (0x0000000713b784c8) thrown at [t:/workspace/hotspot/src/share/vm/prims/jni.cpp, line 604]
Event: 22927.530 Thread 0x000002beaac58800 Exception <a 'java/io/FileNotFoundException'{0x00000007137f69c0}> (0x00000007137f69c0) thrown at [t:/workspace/hotspot/src/share/vm/prims/jni.cpp, line 604]
Event: 22972.087 Thread 0x000002be8aafe000 Exception <a 'java/lang/InterruptedException'{0x0000000715543b48}: sleep interrupted> (0x0000000715543b48) thrown at [t:/workspace/hotspot/src/share/vm/prims/jvm.cpp, line 2984]

Events (10 events):
Event: 23136.220 Executing VM operation: BulkRevokeBias done
Event: 23136.221 Thread 0x000002be8aaf9800 Thread added: 0x000002be8aaf9800
Event: 23136.224 Executing VM operation: RevokeBias
Event: 23136.224 Executing VM operation: RevokeBias done
Event: 23136.225 Executing VM operation: RevokeBias
Event: 23136.225 Executing VM operation: RevokeBias done
Event: 23136.296 Thread 0x000002be8ab01000 Thread added: 0x000002be8ab01000
Event: 23136.299 Thread 0x000002be8ab01000 Thread exited: 0x000002be8ab01000
Event: 23137.296 Thread 0x000002be8ab01000 Thread added: 0x000002be8ab01000
Event: 23137.299 Thread 0x000002be8ab01000 Thread exited: 0x000002be8ab01000


Dynamic libraries:
0x00007ff716e20000 - 0x00007ff716e50000 	C:\Xilinx\Vivado\2019.2\bin\unwrapped\win64.o\vivado.exe
0x00007ffb81a90000 - 0x00007ffb81ca6000 	C:\WINDOWS\SYSTEM32\ntdll.dll
0x00007ffb80c80000 - 0x00007ffb80d44000 	C:\WINDOWS\System32\KERNEL32.DLL
0x00007ffb7ef70000 - 0x00007ffb7f317000 	C:\WINDOWS\System32\KERNELBASE.dll
0x00007ffb7ede0000 - 0x00007ffb7eef1000 	C:\WINDOWS\System32\ucrtbase.dll
0x00007ffb66ce0000 - 0x00007ffb66d6d000 	C:\WINDOWS\SYSTEM32\MSVCP140.dll
0x00007ffb66cc0000 - 0x00007ffb66cdd000 	C:\WINDOWS\SYSTEM32\VCRUNTIME140.dll
0x00007ffb66bb0000 - 0x00007ffb66bbc000 	C:\WINDOWS\SYSTEM32\VCRUNTIME140_1.dll
0x00007ffb7ac90000 - 0x00007ffb7aca4000 	C:\Xilinx\Vivado\2019.2\lib\win64.o\libboost_signals.dll
0x00007ffb6aa50000 - 0x00007ffb6aa66000 	C:\Xilinx\Vivado\2019.2\lib\win64.o\librdi_commonmain.dll
0x00007ffb6a830000 - 0x00007ffb6a856000 	C:\Xilinx\Vivado\2019.2\lib\win64.o\libboost_filesystem.dll
0x00007ffb81990000 - 0x00007ffb81a42000 	C:\WINDOWS\System32\ADVAPI32.dll
0x00007ffb7f8c0000 - 0x00007ffb7f967000 	C:\WINDOWS\System32\msvcrt.dll
0x00007ffb81250000 - 0x00007ffb812f8000 	C:\WINDOWS\System32\sechost.dll
0x00007ffb7edb0000 - 0x00007ffb7edd8000 	C:\WINDOWS\System32\bcrypt.dll
0x00007ffb80600000 - 0x00007ffb80715000 	C:\WINDOWS\System32\RPCRT4.dll
0x00007ffb7ad20000 - 0x00007ffb7ad2a000 	C:\Xilinx\Vivado\2019.2\lib\win64.o\librdi_commonversion.dll
0x0000000050310000 - 0x000000005043b000 	C:\Xilinx\Vivado\2019.2\lib\win64.o\tcl85t.dll
0x00007ffb81440000 - 0x00007ffb815ee000 	C:\WINDOWS\System32\USER32.dll
0x00007ffb7f790000 - 0x00007ffb7f7b6000 	C:\WINDOWS\System32\win32u.dll
0x00007ffb80c50000 - 0x00007ffb80c79000 	C:\WINDOWS\System32\GDI32.dll
0x00007ffb7f530000 - 0x00007ffb7f649000 	C:\WINDOWS\System32\gdi32full.dll
0x00007ffb7f320000 - 0x00007ffb7f3ba000 	C:\WINDOWS\System32\msvcp_win.dll
0x00007ffb81750000 - 0x00007ffb817c1000 	C:\WINDOWS\System32\WS2_32.dll
0x00007ffb7ac80000 - 0x00007ffb7ac8b000 	C:\Xilinx\Vivado\2019.2\lib\win64.o\libboost_system.dll
0x00007ffb3a960000 - 0x00007ffb3ab01000 	C:\Xilinx\Vivado\2019.2\lib\win64.o\librdi_commonxillic.dll
0x00007ffaf9860000 - 0x00007ffaf9b3b000 	C:\Xilinx\Vivado\2019.2\lib\win64.o\libXil_lmgr11.dll
0x00007ffb80440000 - 0x00007ffb80539000 	C:\WINDOWS\System32\COMDLG32.dll
0x00007ffb80de0000 - 0x00007ffb81168000 	C:\WINDOWS\System32\combase.dll
0x00007ffb7f7c0000 - 0x00007ffb7f8b3000 	C:\WINDOWS\System32\shcore.dll
0x00007ffb80540000 - 0x00007ffb8059e000 	C:\WINDOWS\System32\SHLWAPI.dll
0x00007ffb7fb20000 - 0x00007ffb8037c000 	C:\WINDOWS\System32\SHELL32.dll
0x00007ffb81170000 - 0x00007ffb81247000 	C:\WINDOWS\System32\OLEAUT32.dll
0x00007ffb7f970000 - 0x00007ffb7fb15000 	C:\WINDOWS\System32\ole32.dll
0x00007ffb7ef00000 - 0x00007ffb7ef6b000 	C:\WINDOWS\System32\WINTRUST.dll
0x00007ffb7f3c0000 - 0x00007ffb7f527000 	C:\WINDOWS\System32\CRYPT32.dll
0x00007ffb3c0a0000 - 0x00007ffb3c1b4000 	C:\Xilinx\Vivado\2019.2\lib\win64.o\libboost_regex.dll
0x00007ffaebb40000 - 0x00007ffaeca83000 	C:\Xilinx\Vivado\2019.2\lib\win64.o\librdi_common.dll
0x00007ffb66e30000 - 0x00007ffb66e49000 	C:\WINDOWS\SYSTEM32\NETAPI32.dll
0x00007ffb6d340000 - 0x00007ffb6d3f3000 	C:\WINDOWS\WinSxS\amd64_microsoft.windows.common-controls_6595b64144ccf1df_5.82.22621.2506_none_b43bab19638c9595\COMCTL32.dll
0x00007ffb23c10000 - 0x00007ffb23c19000 	C:\WINDOWS\SYSTEM32\WSOCK32.dll
0x00007ffb780c0000 - 0x00007ffb780df000 	C:\WINDOWS\SYSTEM32\dhcpcsvc.DLL
0x00007ffb6aa30000 - 0x00007ffb6aa44000 	C:\Xilinx\Vivado\2019.2\lib\win64.o\libboost_date_time.dll
0x00007ffaf7850000 - 0x00007ffaf7bbe000 	C:\Xilinx\Vivado\2019.2\lib\win64.o\libCOIN-all.dll
0x00007ffb5b530000 - 0x00007ffb5b5af000 	C:\Xilinx\Vivado\2019.2\lib\win64.o\libboost_program_options.dll
0x00007ffb633a0000 - 0x00007ffb633c1000 	C:\Xilinx\Vivado\2019.2\lib\win64.o\libboost_thread.dll
0x00007ffb6a9c0000 - 0x00007ffb6a9cf000 	C:\Xilinx\Vivado\2019.2\lib\win64.o\libboost_xilinx.dll
0x00007ffb567e0000 - 0x00007ffb56862000 	C:\Xilinx\Vivado\2019.2\lib\win64.o\libhdlpsolve.dll
0x00007ffb3b700000 - 0x00007ffb3b7a5000 	C:\Xilinx\Vivado\2019.2\lib\win64.o\libhdxml.dll
0x00007ffb63370000 - 0x00007ffb6339e000 	C:\Xilinx\Vivado\2019.2\lib\win64.o\libisl_sysinfo.dll
0x00007ffb6a940000 - 0x00007ffb6a95a000 	C:\Xilinx\Vivado\2019.2\lib\win64.o\pthreadVC2.dll
0x00007ffb6a7a0000 - 0x00007ffb6a7bc000 	C:\Xilinx\Vivado\2019.2\lib\win64.o\librdiconfig.dll
0x00007ffb5bec0000 - 0x00007ffb5bee1000 	C:\Xilinx\Vivado\2019.2\lib\win64.o\librdizlib.dll
0x00007ffb5a810000 - 0x00007ffb5a875000 	C:\Xilinx\Vivado\2019.2\lib\win64.o\liblmx6.0.dll
0x00007ffb67590000 - 0x00007ffb67a84000 	C:\WINDOWS\SYSTEM32\WININET.dll
0x00007ffb77d30000 - 0x00007ffb77e66000 	C:\WINDOWS\SYSTEM32\WINHTTP.dll
0x00007ffb6d150000 - 0x00007ffb6d340000 	C:\WINDOWS\SYSTEM32\urlmon.dll
0x00007ffaeaf40000 - 0x00007ffaebb3c200 	C:\Xilinx\Vivado\2019.2\lib\win64.o\libisl_iostreams.dll
0x00007ffb5a130000 - 0x00007ffb5a161000 	C:\WINDOWS\SYSTEM32\VCOMP140.DLL
0x00007ffb69350000 - 0x00007ffb6960c000 	C:\WINDOWS\SYSTEM32\iertutil.dll
0x00007ffb68ed0000 - 0x00007ffb68ef8000 	C:\WINDOWS\SYSTEM32\srvcli.dll
0x00007ffb7d870000 - 0x00007ffb7d87c000 	C:\WINDOWS\SYSTEM32\netutils.dll
0x00007ffaf4b60000 - 0x00007ffaf59f1000 	C:\Xilinx\Vivado\2019.2\lib\win64.o\gurobi65.dll
0x00007ffb6a820000 - 0x00007ffb6a82d000 	C:\Xilinx\Vivado\2019.2\lib\win64.o\libboost_chrono.dll
0x00007ffb60e90000 - 0x00007ffb60eab000 	C:\Xilinx\Vivado\2019.2\lib\win64.o\libboost_iostreams.dll
0x00007ffb5be90000 - 0x00007ffb5beb5000 	C:\Xilinx\Vivado\2019.2\lib\win64.o\libisl_iosutils.dll
0x0000000012000000 - 0x0000000012270000 	C:\Xilinx\Vivado\2019.2\lib\win64.o\xerces-c_3_1.dll
0x00007ffb80c00000 - 0x00007ffb80c31000 	C:\WINDOWS\System32\IMM32.DLL
0x00007ffb7ea50000 - 0x00007ffb7ea62000 	C:\WINDOWS\SYSTEM32\MSASN1.dll
0x00007ffb7dee0000 - 0x00007ffb7def8000 	C:\WINDOWS\SYSTEM32\kernel.appcore.dll
0x00007ffae6500000 - 0x00007ffae6a17000 	C:\Xilinx\Vivado\2019.2\lib\win64.o\librdi_commontasks.dll
0x00007ffb76bc0000 - 0x00007ffb76bca000 	C:\WINDOWS\SYSTEM32\VERSION.dll
0x00007ffaf7560000 - 0x00007ffaf7843000 	C:\Xilinx\Vivado\2019.2\lib\win64.o\librdi_sio.dll
0x00007ffb7d930000 - 0x00007ffb7d95d000 	C:\WINDOWS\SYSTEM32\IPHLPAPI.DLL
0x00000000773c0000 - 0x0000000077de5000 	C:\Xilinx\Vivado\2019.2\tps\win64\jre9.0.4\bin\server\jvm.dll
0x00007ffb80750000 - 0x00007ffb80758000 	C:\WINDOWS\System32\PSAPI.DLL
0x00007ffb77360000 - 0x00007ffb77394000 	C:\WINDOWS\SYSTEM32\WINMM.dll
0x00007ffb7e350000 - 0x00007ffb7e3b9000 	C:\WINDOWS\SYSTEM32\MSWSOCK.DLL
0x00007ffb3aeb0000 - 0x00007ffb3af9f000 	C:\WINDOWS\SYSTEM32\MSVCR120.dll
0x00007ffb7cd20000 - 0x00007ffb7d619000 	C:\WINDOWS\SYSTEM32\windows.storage.dll
0x00007ffb7cbe0000 - 0x00007ffb7cd1e000 	C:\WINDOWS\SYSTEM32\wintypes.dll
0x00007ffae3db0000 - 0x00007ffae64f5000 	C:\Xilinx\Vivado\2019.2\lib\win64.o\librdi_tcltasks.dll
0x00007ffb56420000 - 0x00007ffb5649b000 	C:\Xilinx\Vivado\2019.2\lib\win64.o\librdi_boarddep.dll
0x00007ffae38f0000 - 0x00007ffae3da4000 	C:\Xilinx\Vivado\2019.2\lib\win64.o\librdi_bitstream.dll
0x00007ffb39470000 - 0x00007ffb395c2000 	C:\Xilinx\Vivado\2019.2\lib\win64.o\librdi_cd_client.dll
0x00007ffb2a940000 - 0x00007ffb2aadd000 	C:\Xilinx\Vivado\2019.2\lib\win64.o\librdi_board.dll
0x00007ffb3a140000 - 0x00007ffb3a22f000 	C:\Xilinx\Vivado\2019.2\lib\win64.o\librdi_chipscope.dll
0x00007ffb190d0000 - 0x00007ffb19290000 	C:\Xilinx\Vivado\2019.2\lib\win64.o\librdi_chipscopeimpl.dll
0x00007ffae35c0000 - 0x00007ffae38e4000 	C:\Xilinx\Vivado\2019.2\lib\win64.o\librdi_containers.dll
0x00007ffaced30000 - 0x00007ffad080a000 	C:\Xilinx\Vivado\2019.2\lib\win64.o\librdi_constraints.dll
0x00007ffabf890000 - 0x00007ffac3b5b000 	C:\Xilinx\Vivado\2019.2\lib\win64.o\librdi_designutils.dll
0x00007ffae2fa0000 - 0x00007ffae32ea000 	C:\Xilinx\Vivado\2019.2\lib\win64.o\librdi_dlyest.dll
0x00007ffae29d0000 - 0x00007ffae2f9d000 	C:\Xilinx\Vivado\2019.2\lib\win64.o\librdi_drc.dll
0x00007ffae22f0000 - 0x00007ffae29c9000 	C:\Xilinx\Vivado\2019.2\lib\win64.o\librdi_coregenipxact.dll
0x00007ffb3a890000 - 0x00007ffb3a954000 	C:\Xilinx\Vivado\2019.2\lib\win64.o\librdi_dsp.dll
0x00007ffacb640000 - 0x00007ffacd630000 	C:\Xilinx\Vivado\2019.2\lib\win64.o\librdi_coregen.dll
0x00007ffae1fe0000 - 0x00007ffae22f0000 	C:\Xilinx\Vivado\2019.2\lib\win64.o\librdi_guitools.dll
0x00007ffb4bbd0000 - 0x00007ffb4bc3a000 	C:\Xilinx\Vivado\2019.2\lib\win64.o\librdi_hdf.dll
0x00007ffb09600000 - 0x00007ffb09820000 	C:\Xilinx\Vivado\2019.2\lib\win64.o\librdi_hip_devdesign.dll
0x00007ffb35100000 - 0x00007ffb35248000 	C:\Xilinx\Vivado\2019.2\lib\win64.o\librdi_hip_perf_analysis.dll
0x00007ffae1970000 - 0x00007ffae1fdb000 	C:\Xilinx\Vivado\2019.2\lib\win64.o\librdi_filemgmt.dll
0x00007ffb3b820000 - 0x00007ffb3b894000 	C:\Xilinx\Vivado\2019.2\lib\win64.o\librdi_memoryarray.dll
0x00007ffadd610000 - 0x00007ffaddc41000 	C:\Xilinx\Vivado\2019.2\lib\win64.o\librdi_memdata.dll
0x00007ffa51690000 - 0x00007ffa6623b000 	C:\Xilinx\Vivado\2019.2\lib\win64.o\librdi_device.dll
0x00007ffac9cf0000 - 0x00007ffacb45d000 	C:\Xilinx\Vivado\2019.2\lib\win64.o\librdi_implflow.dll
0x00007ffb4bb60000 - 0x00007ffb4bbac000 	C:\Xilinx\Vivado\2019.2\lib\win64.o\librdi_pfi.dll
0x00007ffabcac0000 - 0x00007ffabf88b000 	C:\Xilinx\Vivado\2019.2\lib\win64.o\librdi_mig.dll
0x00007ffadcf20000 - 0x00007ffadd603000 	C:\Xilinx\Vivado\2019.2\lib\win64.o\librdi_netlist.dll
0x00007ffadcc00000 - 0x00007ffadcf1b000 	C:\Xilinx\Vivado\2019.2\lib\win64.o\librdi_platform.dll
0x00007ffadc3f0000 - 0x00007ffadcbfb000 	C:\Xilinx\Vivado\2019.2\lib\win64.o\librdi_power.dll
0x00007ffadb250000 - 0x00007ffadb80a000 	C:\Xilinx\Vivado\2019.2\lib\win64.o\librdi_project.dll
0x00007ffaba1f0000 - 0x00007ffabcab7000 	C:\Xilinx\Vivado\2019.2\lib\win64.o\librdi_place.dll
0x00007ffadab80000 - 0x00007ffadb241000 	C:\Xilinx\Vivado\2019.2\lib\win64.o\librdi_rsb.dll
0x00007ffad9de0000 - 0x00007ffada513000 	C:\Xilinx\Vivado\2019.2\lib\win64.o\librdi_psta.dll
0x00007ffb370c0000 - 0x00007ffb371c8000 	C:\Xilinx\Vivado\2019.2\lib\win64.o\librdi_runsbase.dll
0x00007ffaeacc0000 - 0x00007ffaeaf35000 	C:\Xilinx\Vivado\2019.2\lib\win64.o\librdi_simdata.dll
0x00007ffada750000 - 0x00007ffadab73000 	C:\Xilinx\Vivado\2019.2\lib\win64.o\librdi_runs.dll
0x00007ffb14630000 - 0x00007ffb147d0000 	C:\Xilinx\Vivado\2019.2\lib\win64.o\librdi_cd_protocol.dll
0x00007ffb14050000 - 0x00007ffb141f1000 	C:\Xilinx\Vivado\2019.2\lib\win64.o\librdi_advchipscopeimpl.dll
0x00007ffad0bd0000 - 0x00007ffad1a5d000 	C:\Xilinx\Vivado\2019.2\lib\win64.o\librdi_timing.dll
0x00007ffb37a80000 - 0x00007ffb37b57000 	C:\Xilinx\Vivado\2019.2\lib\win64.o\librdi_ipconfig_readwrite.dll
0x00007ffb49630000 - 0x00007ffb4967c000 	C:\Xilinx\Vivado\2019.2\lib\win64.o\libboost_serialization.dll
0x00007ffb44960000 - 0x00007ffb449aa000 	C:\Xilinx\Vivado\2019.2\lib\win64.o\librdi_noc_frameworks.dll
0x00007fface420000 - 0x00007fface96e000 	C:\Xilinx\Vivado\2019.2\lib\win64.o\librdi_xdm.dll
0x00007ffb3b420000 - 0x00007ffb3b4be000 	C:\Xilinx\Vivado\2019.2\lib\win64.o\libise.dll
0x00007ffae33d0000 - 0x00007ffae35b4000 	C:\Xilinx\Vivado\2019.2\lib\win64.o\librdi_hip_config.dll
0x00007ffb424c0000 - 0x00007ffb4250a000 	C:\Xilinx\Vivado\2019.2\lib\win64.o\librdi_wavedata_SimpleApi.dll
0x00007ffb359b0000 - 0x00007ffb35a7c000 	C:\Xilinx\Vivado\2019.2\lib\win64.o\libsqlite3.28.0.dll

VM Arguments:
jvm_args: -Dsun.java2d.pmoffscreen=false -Dsun.java2d.xrender=false -Dsun.java2d.d3d=false -Dsun.awt.nopixfmt=true -Dsun.java2d.dpiaware=true -Dsun.java2d.uiScale.enabled=false -Xverify:none -Dswing.aatext=true -XX:-UsePerfData -Djdk.map.althashing.threshold=512 -XX:StringTableSize=4072 --add-opens=java.base/java.nio=ALL-UNNAMED --add-opens=java.desktop/sun.swing=ALL-UNNAMED --add-opens=java.desktop/javax.swing=ALL-UNNAMED --add-opens=java.desktop/javax.swing.tree=ALL-UNNAMED --add-opens=java.desktop/javax.swing.plaf.basic=ALL-UNNAMED --add-opens=java.desktop/javax.swing.plaf.synth=ALL-UNNAMED --add-opens=java.desktop/com.sun.awt=ALL-UNNAMED -XX:NewSize=60m -XX:MaxNewSize=60m -Xms128m -Xmx3072m -Xss5m 
java_command: <unknown>
java_class_path (initial): C:/Xilinx/Vivado/2019.2\lib\classes\alloy.jar;C:/Xilinx/Vivado/2019.2\lib\classes\autoesl-common.jar;C:/Xilinx/Vivado/2019.2\lib\classes\autoesl-models.jar;C:/Xilinx/Vivado/2019.2\lib\classes\autoesl-report.jar;C:/Xilinx/Vivado/2019.2\lib\classes\autopilot.scelaborator.jar;C:/Xilinx/Vivado/2019.2\lib\classes\autopilot.sourceprocessor.jar;C:/Xilinx/Vivado/2019.2\lib\classes\autopilot.tbprocessor.jar;C:/Xilinx/Vivado/2019.2\lib\classes\batik-anim.jar;C:/Xilinx/Vivado/2019.2\lib\classes\batik-awt-util.jar;C:/Xilinx/Vivado/2019.2\lib\classes\batik-bridge.jar;C:/Xilinx/Vivado/2019.2\lib\classes\batik-codec.jar;C:/Xilinx/Vivado/2019.2\lib\classes\batik-css.jar;C:/Xilinx/Vivado/2019.2\lib\classes\batik-dom.jar;C:/Xilinx/Vivado/2019.2\lib\classes\batik-ext.jar;C:/Xilinx/Vivado/2019.2\lib\classes\batik-gui-util.jar;C:/Xilinx/Vivado/2019.2\lib\classes\batik-gvt.jar;C:/Xilinx/Vivado/2019.2\lib\classes\batik-parser.jar;C:/Xilinx/Vivado/2019.2\lib\classes\batik-script.jar;C:/Xilinx/Vivado/2019.2\lib\classes\batik-svg-dom.jar;C:/Xilinx/Vivado/2019.2\lib\classes\batik-swing.jar;C:/Xilinx/Vivado/2019.2\lib\classes\batik-transcoder.jar;C:/Xilinx/Vivado/2019.2\lib\classes\batik-util.jar;C:/Xilinx/Vivado/2019.2\lib\classes\batik-xml.jar;C:/Xilinx/Vivado/2019.2\lib\classes\com.google.gson_2.7.0.v20170129-0911.jar;C:/Xilinx/Vivado/2019.2\lib\classes\com.google.guava_21.0.0.v20170206-1425.jar;C:/Xilinx/Vivado/2019.2\lib\classes\com.ibm.icu_4.4.2.v20110208.jar;C:/Xilinx/Vivado/2019.2\lib\classes\com.sigasi.hdt.connection_4.5.0.201909241521.jar;C:/Xilinx/Vivado/2019.2\lib\classes\com.sigasi.hdt.epl_4.5.0.201909241521.jar;C:/Xilinx/Vivado/2019.2\lib\classes\com.sigasi.hdt.project_4.5.0.201909241521.jar;C:/Xilinx/Vivado/2019.2\lib\classes\com.sigasi.hdt.readonlyfilesystem_4.5.0.201909241521.jar;C:/Xilinx/Vivado/2019.2\lib\classes\com.sigasi.lcm_4.5.0.201909241521.jar;C:/Xilinx/Vivado/2019.2\lib\classes\com.sigasi.sdk.client_4.5.0.201909241521.jar;C:/Xilinx/Vivado
Launcher Type: generic

Logging:
Log output configuration:
#0: stdout all=warning uptime,level,tags
#1: stderr all=off uptime,level,tags

Environment Variables:
PATH=C:/Xilinx/Vivado/2019.2\gnuwin\bin;C:/Xilinx/Vivado/2019.2\gnu\microblaze\nt\bin;C:/Xilinx/Vivado/2019.2/bin;C:/Xilinx/Vivado/2019.2/lib/win64.o;C:/Xilinx/Vivado/2019.2/tps/win64/jre9.0.4/bin/server;C:/Xilinx/Vivado/2019.2/tps/win64/jre9.0.4/bin;C:/Xilinx/Vivado/2019.2/ids_lite/ISE/bin/nt64;C:/Xilinx/Vivado/2019.2/ids_lite/ISE/lib/nt64;C:\Program Files\Common Files\Oracle\Java\javapath;C:\Program Files (x86)\Common Files\Oracle\Java\java8path;C:\Program Files (x86)\Common Files\Oracle\Java\javapath;C:\ProgramData\Oracle\Java\javapath;C:\Windows\system32;C:\Windows;C:\Windows\System32\Wbem;C:\Windows\System32\WindowsPowerShell\v1.0\;C:\Windows\System32\OpenSSH\;C:\Program Files (x86)\NVIDIA Corporation\PhysX\Common;C:\Program Files\MATLAB\R2023b\bin;C:\Program Files\dotnet\;C:\Program Files\mingw64\bin;C:\Program Files\Git\cmd;C:\Program Files\Git\bin\;C:\Users\denal\miniconda3\Scripts\;C:\Program Files\Microsoft SQL Server\150\Tools\Binn\;C:\Program Files\Microsoft SQL Server\Client SDK\ODBC\170\Tools\Binn\;;C:\Program Files\NVIDIA Corporation\NVIDIA NvDLISR;C:\Users\denal\AppData\Local\Microsoft\WindowsApps;C:\Users\denal\AppData\Local\Programs\Microsoft VS Code\bin;C:\Program Files (x86)\gputils\bin;C:\Users\denal\.dotnet\tools;C:/Xilinx/Vivado/2019.2\tps\mingw\6.2.0\win64.o\nt\bin;C:/Xilinx/Vivado/2019.2\tps\mingw\6.2.0\win64.o\nt\libexec\gcc\x86_64-w64-mingw32\6.2.0;C:/Xilinx/Vivado/2019.2\tps\win64\python-2.7.5;C:/Xilinx/Vivado/2019.2\tps\win64\python-2.7.5\bin;C:/Xilinx/Vivado/2019.2\tps\win64\python-2.7.5\lib;C:/Xilinx/Vivado/2019.2\tps\win64\python-2.7.5\Lib\lib-tk;C:/Xilinx/Vivado/2019.2\tps\win64\python-2.7.5\lib\site-packages
USERNAME=denal
OS=Windows_NT
PROCESSOR_IDENTIFIER=AMD64 Family 25 Model 80 Stepping 0, AuthenticAMD



---------------  S Y S T E M  ---------------

OS: Windows 10 , 64 bit Build 22621 (10.0.22621.3374)

CPU:total 16 (initial active 16) (16 cores per cpu, 1 threads per core) family 25 model 80 stepping 0, cmov, cx8, fxsr, mmx, sse, sse2, sse3, ssse3, sse4.1, sse4.2, popcnt, avx, avx2, aes, clmul, erms, mmxext, 3dnowpref, lzcnt, sse4a, tsc, tscinvbit, tscinv, bmi1

Memory: 4k page, physical 14528572k(3377508k free), swap 30878572k(8361352k free)

vm_info: Java HotSpot(TM) 64-Bit Server VM (9.0.4+11) for windows-amd64 JRE (9.0.4+11), built on Dec 20 2017 02:18:54 by "mach5one" with MS VC++ 12.0 (VS2013)

END.
